<?xml version="1.0" encoding="utf-8"?>
<CoverageSession>
  <Summary numSequencePoints="1060" visitedSequencePoints="714" numBranchPoints="168" visitedBranchPoints="110" sequenceCoverage="67.35" branchCoverage="65.47" maxCyclomaticComplexity="118" minCyclomaticComplexity="0" visitedClasses="45" numClasses="55" visitedMethods="58" numMethods="84" />
  <Modules>
    <Module hash="7D189870-AD96-4DA5-9D64-AAB137E67C0D">
      <ModulePath>BellRichM.Attribute.dll</ModulePath>
      <ModuleTime>2020-02-17T03:23:33</ModuleTime>
      <ModuleName>BellRichM.Attribute</ModuleName>
      <Files>
        <File uid="1" fullPath="/home/richbell/weather/core3.1/api/src/BellRichM.Attribute/Validation/ValidateFilterExpressionAttribute.cs" />
        <File uid="2" fullPath="/home/richbell/weather/core3.1/api/src/BellRichM.Attribute/Extensions/ValidateObjectExtension.cs" />
      </Files>
      <Classes>
        <Class>
          <Summary numSequencePoints="12" visitedSequencePoints="0" numBranchPoints="4" visitedBranchPoints="0" sequenceCoverage="0" branchCoverage="0" maxCyclomaticComplexity="4" minCyclomaticComplexity="4" visitedClasses="0" numClasses="1" visitedMethods="0" numMethods="1" />
          <FullName>BellRichM.Attribute.Validation.ValidateFilterExpressionAttribute</FullName>
          <Methods>
            <Method cyclomaticComplexity="4" nPathComplexity="0" sequenceCoverage="0" branchCoverage="0" isConstructor="False" isGetter="False" isSetter="False" isStatic="True">
              <Summary numSequencePoints="12" visitedSequencePoints="0" numBranchPoints="4" visitedBranchPoints="0" sequenceCoverage="0" branchCoverage="0" maxCyclomaticComplexity="4" minCyclomaticComplexity="4" visitedClasses="0" numClasses="0" visitedMethods="0" numMethods="1" />
              <MetadataToken />
              <Name>System.ComponentModel.DataAnnotations.ValidationResult BellRichM.Attribute.Validation.ValidateFilterExpressionAttribute::IsValid(System.Object,System.ComponentModel.DataAnnotations.ValidationContext)</Name>
              <FileRef uid="1" />
              <SequencePoints>
                <SequencePoint vc="0" uspid="14" ordinal="0" sl="14" sc="1" el="14" ec="2" bec="0" bev="0" fileid="1" />
                <SequencePoint vc="0" uspid="15" ordinal="1" sl="15" sc="1" el="15" ec="2" bec="0" bev="0" fileid="1" />
                <SequencePoint vc="0" uspid="16" ordinal="2" sl="16" sc="1" el="16" ec="2" bec="0" bev="0" fileid="1" />
                <SequencePoint vc="0" uspid="17" ordinal="3" sl="17" sc="1" el="17" ec="2" bec="0" bev="0" fileid="1" />
                <SequencePoint vc="0" uspid="18" ordinal="4" sl="18" sc="1" el="18" ec="2" bec="0" bev="0" fileid="1" />
                <SequencePoint vc="0" uspid="21" ordinal="5" sl="21" sc="1" el="21" ec="2" bec="0" bev="0" fileid="1" />
                <SequencePoint vc="0" uspid="22" ordinal="6" sl="22" sc="1" el="22" ec="2" bec="0" bev="0" fileid="1" />
                <SequencePoint vc="0" uspid="23" ordinal="7" sl="23" sc="1" el="23" ec="2" bec="0" bev="0" fileid="1" />
                <SequencePoint vc="0" uspid="24" ordinal="8" sl="24" sc="1" el="24" ec="2" bec="0" bev="0" fileid="1" />
                <SequencePoint vc="0" uspid="25" ordinal="9" sl="25" sc="1" el="25" ec="2" bec="0" bev="0" fileid="1" />
                <SequencePoint vc="0" uspid="26" ordinal="10" sl="26" sc="1" el="26" ec="2" bec="0" bev="0" fileid="1" />
                <SequencePoint vc="0" uspid="27" ordinal="11" sl="27" sc="1" el="27" ec="2" bec="0" bev="0" fileid="1" />
              </SequencePoints>
              <BranchPoints>
                <BranchPoint vc="0" uspid="16" ordinal="0" path="0" offset="20" offsetend="22" sl="16" fileid="1" />
                <BranchPoint vc="0" uspid="16" ordinal="1" path="1" offset="20" offsetend="36" sl="16" fileid="1" />
                <BranchPoint vc="0" uspid="16" ordinal="2" path="0" offset="39" offsetend="41" sl="16" fileid="1" />
                <BranchPoint vc="0" uspid="16" ordinal="3" path="1" offset="39" offsetend="50" sl="16" fileid="1" />
              </BranchPoints>
              <MethodPoint vc="0" uspid="0" p8:type="SequencePoint" ordinal="0" offset="0" sc="0" sl="14" ec="1" el="27" bec="0" bev="0" fileid="1" xmlns:p8="xsi" />
            </Method>
          </Methods>
        </Class>
        <Class>
          <Summary numSequencePoints="13" visitedSequencePoints="0" numBranchPoints="4" visitedBranchPoints="0" sequenceCoverage="0" branchCoverage="0" maxCyclomaticComplexity="4" minCyclomaticComplexity="4" visitedClasses="0" numClasses="1" visitedMethods="0" numMethods="1" />
          <FullName>BellRichM.Attribute.Extensions.ValidateObjectExtension</FullName>
          <Methods>
            <Method cyclomaticComplexity="4" nPathComplexity="0" sequenceCoverage="0" branchCoverage="0" isConstructor="False" isGetter="False" isSetter="False" isStatic="True">
              <Summary numSequencePoints="13" visitedSequencePoints="0" numBranchPoints="4" visitedBranchPoints="0" sequenceCoverage="0" branchCoverage="0" maxCyclomaticComplexity="4" minCyclomaticComplexity="4" visitedClasses="0" numClasses="0" visitedMethods="0" numMethods="1" />
              <MetadataToken />
              <Name>System.Void BellRichM.Attribute.Extensions.ValidateObjectExtension::ValidateObject(System.Object)</Name>
              <FileRef uid="2" />
              <SequencePoints>
                <SequencePoint vc="0" uspid="17" ordinal="0" sl="17" sc="1" el="17" ec="2" bec="0" bev="0" fileid="2" />
                <SequencePoint vc="0" uspid="18" ordinal="1" sl="18" sc="1" el="18" ec="2" bec="0" bev="0" fileid="2" />
                <SequencePoint vc="0" uspid="19" ordinal="2" sl="19" sc="1" el="19" ec="2" bec="0" bev="0" fileid="2" />
                <SequencePoint vc="0" uspid="21" ordinal="3" sl="21" sc="1" el="21" ec="2" bec="0" bev="0" fileid="2" />
                <SequencePoint vc="0" uspid="22" ordinal="4" sl="22" sc="1" el="22" ec="2" bec="0" bev="0" fileid="2" />
                <SequencePoint vc="0" uspid="23" ordinal="5" sl="23" sc="1" el="23" ec="2" bec="0" bev="0" fileid="2" />
                <SequencePoint vc="0" uspid="24" ordinal="6" sl="24" sc="1" el="24" ec="2" bec="0" bev="0" fileid="2" />
                <SequencePoint vc="0" uspid="25" ordinal="7" sl="25" sc="1" el="25" ec="2" bec="0" bev="0" fileid="2" />
                <SequencePoint vc="0" uspid="26" ordinal="8" sl="26" sc="1" el="26" ec="2" bec="0" bev="0" fileid="2" />
                <SequencePoint vc="0" uspid="27" ordinal="9" sl="27" sc="1" el="27" ec="2" bec="0" bev="0" fileid="2" />
                <SequencePoint vc="0" uspid="28" ordinal="10" sl="28" sc="1" el="28" ec="2" bec="0" bev="0" fileid="2" />
                <SequencePoint vc="0" uspid="30" ordinal="11" sl="30" sc="1" el="30" ec="2" bec="0" bev="0" fileid="2" />
                <SequencePoint vc="0" uspid="32" ordinal="12" sl="32" sc="1" el="32" ec="2" bec="0" bev="0" fileid="2" />
              </SequencePoints>
              <BranchPoints>
                <BranchPoint vc="0" uspid="22" ordinal="0" path="0" offset="34" offsetend="36" sl="22" fileid="2" />
                <BranchPoint vc="0" uspid="25" ordinal="3" path="1" offset="86" offsetend="54" sl="25" fileid="2" />
                <BranchPoint vc="0" uspid="25" ordinal="2" path="0" offset="86" offsetend="88" sl="25" fileid="2" />
                <BranchPoint vc="0" uspid="22" ordinal="1" path="1" offset="34" offsetend="117" sl="22" fileid="2" />
              </BranchPoints>
              <MethodPoint vc="0" uspid="0" p8:type="SequencePoint" ordinal="0" offset="0" sc="0" sl="17" ec="1" el="32" bec="0" bev="0" fileid="2" xmlns:p8="xsi" />
            </Method>
          </Methods>
        </Class>
      </Classes>
    </Module>
    <Module hash="6D7B5FF8-BF87-457C-8352-08AD0561FE38">
      <ModulePath>BellRichM.Exceptions.dll</ModulePath>
      <ModuleTime>2020-02-17T03:23:33</ModuleTime>
      <ModuleName>BellRichM.Exceptions</ModuleName>
      <Files>
        <File uid="3" fullPath="/home/richbell/weather/core3.1/api/src/BellRichM.Exceptions/BusinessException.cs" />
        <File uid="4" fullPath="/home/richbell/weather/core3.1/api/src/BellRichM.Exceptions/ExceptionDetail.cs" />
      </Files>
      <Classes>
        <Class>
          <Summary numSequencePoints="16" visitedSequencePoints="0" numBranchPoints="2" visitedBranchPoints="0" sequenceCoverage="0" branchCoverage="0" maxCyclomaticComplexity="2" minCyclomaticComplexity="1" visitedClasses="0" numClasses="1" visitedMethods="0" numMethods="4" />
          <FullName>BellRichM.Exceptions.BusinessException</FullName>
          <Methods>
            <Method cyclomaticComplexity="1" nPathComplexity="0" sequenceCoverage="0" branchCoverage="100" isConstructor="False" isGetter="True" isSetter="False" isStatic="True">
              <Summary numSequencePoints="1" visitedSequencePoints="0" numBranchPoints="0" visitedBranchPoints="0" sequenceCoverage="0" branchCoverage="100" maxCyclomaticComplexity="1" minCyclomaticComplexity="1" visitedClasses="0" numClasses="0" visitedMethods="0" numMethods="1" />
              <MetadataToken />
              <Name>System.String BellRichM.Exceptions.BusinessException::get_Code()</Name>
              <FileRef uid="3" />
              <SequencePoints>
                <SequencePoint vc="0" uspid="127" ordinal="0" sl="127" sc="1" el="127" ec="2" bec="0" bev="0" fileid="3" />
              </SequencePoints>
              <BranchPoints />
              <MethodPoint vc="0" uspid="0" p8:type="SequencePoint" ordinal="0" offset="0" sc="0" sl="127" ec="1" el="127" bec="0" bev="0" fileid="3" xmlns:p8="xsi" />
            </Method>
            <Method cyclomaticComplexity="1" nPathComplexity="0" sequenceCoverage="0" branchCoverage="100" isConstructor="False" isGetter="True" isSetter="False" isStatic="True">
              <Summary numSequencePoints="1" visitedSequencePoints="0" numBranchPoints="0" visitedBranchPoints="0" sequenceCoverage="0" branchCoverage="100" maxCyclomaticComplexity="1" minCyclomaticComplexity="1" visitedClasses="0" numClasses="0" visitedMethods="0" numMethods="1" />
              <MetadataToken />
              <Name>System.Collections.Generic.IEnumerable`1&lt;BellRichM.Exceptions.ExceptionDetail&gt; BellRichM.Exceptions.BusinessException::get_ErrorDetails()</Name>
              <FileRef uid="3" />
              <SequencePoints>
                <SequencePoint vc="0" uspid="138" ordinal="0" sl="138" sc="1" el="138" ec="2" bec="0" bev="0" fileid="3" />
              </SequencePoints>
              <BranchPoints />
              <MethodPoint vc="0" uspid="0" p8:type="SequencePoint" ordinal="1" offset="1" sc="0" sl="138" ec="1" el="138" bec="0" bev="0" fileid="3" xmlns:p8="xsi" />
            </Method>
            <Method cyclomaticComplexity="2" nPathComplexity="0" sequenceCoverage="0" branchCoverage="0" isConstructor="False" isGetter="False" isSetter="False" isStatic="True">
              <Summary numSequencePoints="8" visitedSequencePoints="0" numBranchPoints="2" visitedBranchPoints="0" sequenceCoverage="0" branchCoverage="0" maxCyclomaticComplexity="2" minCyclomaticComplexity="2" visitedClasses="0" numClasses="0" visitedMethods="0" numMethods="1" />
              <MetadataToken />
              <Name>System.Void BellRichM.Exceptions.BusinessException::GetObjectData(System.Runtime.Serialization.SerializationInfo,System.Runtime.Serialization.StreamingContext)</Name>
              <FileRef uid="3" />
              <SequencePoints>
                <SequencePoint vc="0" uspid="148" ordinal="0" sl="148" sc="1" el="148" ec="2" bec="0" bev="0" fileid="3" />
                <SequencePoint vc="0" uspid="149" ordinal="1" sl="149" sc="1" el="149" ec="2" bec="0" bev="0" fileid="3" />
                <SequencePoint vc="0" uspid="150" ordinal="2" sl="150" sc="1" el="150" ec="2" bec="0" bev="0" fileid="3" />
                <SequencePoint vc="0" uspid="151" ordinal="3" sl="151" sc="1" el="151" ec="2" bec="0" bev="0" fileid="3" />
                <SequencePoint vc="0" uspid="154" ordinal="4" sl="154" sc="1" el="154" ec="2" bec="0" bev="0" fileid="3" />
                <SequencePoint vc="0" uspid="155" ordinal="5" sl="155" sc="1" el="155" ec="2" bec="0" bev="0" fileid="3" />
                <SequencePoint vc="0" uspid="156" ordinal="6" sl="156" sc="1" el="156" ec="2" bec="0" bev="0" fileid="3" />
                <SequencePoint vc="0" uspid="157" ordinal="7" sl="157" sc="1" el="157" ec="2" bec="0" bev="0" fileid="3" />
              </SequencePoints>
              <BranchPoints>
                <BranchPoint vc="0" uspid="149" ordinal="0" path="0" offset="7" offsetend="9" sl="149" fileid="3" />
                <BranchPoint vc="0" uspid="149" ordinal="1" path="1" offset="7" offsetend="21" sl="149" fileid="3" />
              </BranchPoints>
              <MethodPoint vc="0" uspid="0" p8:type="SequencePoint" ordinal="2" offset="2" sc="0" sl="148" ec="1" el="157" bec="0" bev="0" fileid="3" xmlns:p8="xsi" />
            </Method>
            <Method cyclomaticComplexity="1" nPathComplexity="0" sequenceCoverage="0" branchCoverage="100" isConstructor="True" isGetter="False" isSetter="False" isStatic="True">
              <Summary numSequencePoints="6" visitedSequencePoints="0" numBranchPoints="0" visitedBranchPoints="0" sequenceCoverage="0" branchCoverage="100" maxCyclomaticComplexity="1" minCyclomaticComplexity="1" visitedClasses="0" numClasses="0" visitedMethods="0" numMethods="1" />
              <MetadataToken />
              <Name>System.Void BellRichM.Exceptions.BusinessException::.ctor(System.Runtime.Serialization.SerializationInfo,System.Runtime.Serialization.StreamingContext)</Name>
              <FileRef uid="3" />
              <SequencePoints>
                <SequencePoint vc="0" uspid="112" ordinal="0" sl="112" sc="1" el="112" ec="2" bec="0" bev="0" fileid="3" />
                <SequencePoint vc="0" uspid="113" ordinal="1" sl="113" sc="1" el="113" ec="2" bec="0" bev="0" fileid="3" />
                <SequencePoint vc="0" uspid="114" ordinal="2" sl="114" sc="1" el="114" ec="2" bec="0" bev="0" fileid="3" />
                <SequencePoint vc="0" uspid="115" ordinal="3" sl="115" sc="1" el="115" ec="2" bec="0" bev="0" fileid="3" />
                <SequencePoint vc="0" uspid="116" ordinal="4" sl="116" sc="1" el="116" ec="2" bec="0" bev="0" fileid="3" />
                <SequencePoint vc="0" uspid="117" ordinal="5" sl="117" sc="1" el="117" ec="2" bec="0" bev="0" fileid="3" />
              </SequencePoints>
              <BranchPoints />
              <MethodPoint vc="0" uspid="0" p8:type="SequencePoint" ordinal="3" offset="3" sc="0" sl="112" ec="1" el="117" bec="0" bev="0" fileid="3" xmlns:p8="xsi" />
            </Method>
          </Methods>
        </Class>
        <Class>
          <Summary numSequencePoints="2" visitedSequencePoints="0" numBranchPoints="0" visitedBranchPoints="0" sequenceCoverage="0" branchCoverage="100" maxCyclomaticComplexity="1" minCyclomaticComplexity="1" visitedClasses="0" numClasses="1" visitedMethods="0" numMethods="2" />
          <FullName>BellRichM.Exceptions.ExceptionDetail</FullName>
          <Methods>
            <Method cyclomaticComplexity="1" nPathComplexity="0" sequenceCoverage="0" branchCoverage="100" isConstructor="False" isGetter="True" isSetter="False" isStatic="True">
              <Summary numSequencePoints="1" visitedSequencePoints="0" numBranchPoints="0" visitedBranchPoints="0" sequenceCoverage="0" branchCoverage="100" maxCyclomaticComplexity="1" minCyclomaticComplexity="1" visitedClasses="0" numClasses="0" visitedMethods="0" numMethods="1" />
              <MetadataToken />
              <Name>System.String BellRichM.Exceptions.ExceptionDetail::get_Code()</Name>
              <FileRef uid="4" />
              <SequencePoints>
                <SequencePoint vc="0" uspid="20" ordinal="0" sl="20" sc="1" el="20" ec="2" bec="0" bev="0" fileid="4" />
              </SequencePoints>
              <BranchPoints />
              <MethodPoint vc="0" uspid="0" p8:type="SequencePoint" ordinal="0" offset="0" sc="0" sl="20" ec="1" el="20" bec="0" bev="0" fileid="4" xmlns:p8="xsi" />
            </Method>
            <Method cyclomaticComplexity="1" nPathComplexity="0" sequenceCoverage="0" branchCoverage="100" isConstructor="False" isGetter="True" isSetter="False" isStatic="True">
              <Summary numSequencePoints="1" visitedSequencePoints="0" numBranchPoints="0" visitedBranchPoints="0" sequenceCoverage="0" branchCoverage="100" maxCyclomaticComplexity="1" minCyclomaticComplexity="1" visitedClasses="0" numClasses="0" visitedMethods="0" numMethods="1" />
              <MetadataToken />
              <Name>System.String BellRichM.Exceptions.ExceptionDetail::get_Text()</Name>
              <FileRef uid="4" />
              <SequencePoints>
                <SequencePoint vc="0" uspid="28" ordinal="0" sl="28" sc="1" el="28" ec="2" bec="0" bev="0" fileid="4" />
              </SequencePoints>
              <BranchPoints />
              <MethodPoint vc="0" uspid="0" p8:type="SequencePoint" ordinal="1" offset="1" sc="0" sl="28" ec="1" el="28" bec="0" bev="0" fileid="4" xmlns:p8="xsi" />
            </Method>
          </Methods>
        </Class>
      </Classes>
    </Module>
    <Module hash="9209CF08-9FBB-403C-9336-D54717C62081">
      <ModulePath>BellRichM.Weather.Api.dll</ModulePath>
      <ModuleTime>2020-02-17T03:23:33</ModuleTime>
      <ModuleName>BellRichM.Weather.Api</ModuleName>
      <Files>
        <File uid="5" fullPath="/home/richbell/weather/core3.1/api/src/BellRichM.Weather.Api/Services/ConditionService.cs" />
        <File uid="6" fullPath="/home/richbell/weather/core3.1/api/src/BellRichM.Weather.Api/Services/ObservationSqliteService.cs" />
        <File uid="7" fullPath="/home/richbell/weather/core3.1/api/src/BellRichM.Weather.Api/Repositories/ConditionRepository.cs" />
        <File uid="8" fullPath="/home/richbell/weather/core3.1/api/src/BellRichM.Weather.Api/Repositories/ConditionRepositoryDbProviderFactory.cs" />
        <File uid="9" fullPath="/home/richbell/weather/core3.1/api/src/BellRichM.Weather.Api/Repositories/ObservationRepository.cs" />
        <File uid="10" fullPath="/home/richbell/weather/core3.1/api/src/BellRichM.Weather.Api/Repositories/ObservationRepositoryDbProviderFactory.cs" />
        <File uid="11" fullPath="/home/richbell/weather/core3.1/api/src/BellRichM.Weather.Api/Mapping/ConditionProfile.cs" />
        <File uid="12" fullPath="/home/richbell/weather/core3.1/api/src/BellRichM.Weather.Api/Mapping/ConvertEpochTime.cs" />
        <File uid="13" fullPath="/home/richbell/weather/core3.1/api/src/BellRichM.Weather.Api/Mapping/ObservationProfile.cs" />
        <File uid="14" fullPath="/home/richbell/weather/core3.1/api/src/BellRichM.Weather.Api/Filters/ValidateConditionLimitAttribute.cs" />
        <File uid="15" fullPath="/home/richbell/weather/core3.1/api/src/BellRichM.Weather.Api/Extensions/StartupExtensions.cs" />
        <File uid="16" fullPath="/home/richbell/weather/core3.1/api/src/BellRichM.Weather.Api/Controllers/ConditionsController.cs" />
        <File uid="17" fullPath="/home/richbell/weather/core3.1/api/src/BellRichM.Weather.Api/Controllers/ObservationsController.cs" />
      </Files>
      <Classes>
        <Class>
          <Summary numSequencePoints="4" visitedSequencePoints="4" numBranchPoints="0" visitedBranchPoints="0" sequenceCoverage="100" branchCoverage="100" maxCyclomaticComplexity="1" minCyclomaticComplexity="1" visitedClasses="1" numClasses="1" visitedMethods="1" numMethods="1" />
          <FullName>BellRichM.Weather.Api.Services.ConditionService</FullName>
          <Methods>
            <Method cyclomaticComplexity="1" nPathComplexity="0" sequenceCoverage="100" branchCoverage="100" isConstructor="True" isGetter="False" isSetter="False" isStatic="True">
              <Summary numSequencePoints="4" visitedSequencePoints="4" numBranchPoints="0" visitedBranchPoints="0" sequenceCoverage="100" branchCoverage="100" maxCyclomaticComplexity="1" minCyclomaticComplexity="1" visitedClasses="0" numClasses="0" visitedMethods="1" numMethods="1" />
              <MetadataToken />
              <Name>System.Void BellRichM.Weather.Api.Services.ConditionService::.ctor(BellRichM.Weather.Api.Repositories.IConditionRepository)</Name>
              <FileRef uid="5" />
              <SequencePoints>
                <SequencePoint vc="1" uspid="17" ordinal="0" sl="17" sc="1" el="17" ec="2" bec="0" bev="0" fileid="5" />
                <SequencePoint vc="1" uspid="18" ordinal="1" sl="18" sc="1" el="18" ec="2" bec="0" bev="0" fileid="5" />
                <SequencePoint vc="1" uspid="19" ordinal="2" sl="19" sc="1" el="19" ec="2" bec="0" bev="0" fileid="5" />
                <SequencePoint vc="1" uspid="20" ordinal="3" sl="20" sc="1" el="20" ec="2" bec="0" bev="0" fileid="5" />
              </SequencePoints>
              <BranchPoints />
              <MethodPoint vc="4" uspid="0" p8:type="SequencePoint" ordinal="0" offset="0" sc="0" sl="17" ec="1" el="20" bec="0" bev="0" fileid="5" xmlns:p8="xsi" />
            </Method>
          </Methods>
        </Class>
        <Class>
          <Summary numSequencePoints="15" visitedSequencePoints="15" numBranchPoints="2" visitedBranchPoints="1" sequenceCoverage="100" branchCoverage="50" maxCyclomaticComplexity="2" minCyclomaticComplexity="2" visitedClasses="1" numClasses="1" visitedMethods="1" numMethods="1" />
          <FullName>BellRichM.Weather.Api.Services.ConditionService/&lt;GetYearWeatherPage&gt;d__2</FullName>
          <Methods>
            <Method cyclomaticComplexity="2" nPathComplexity="0" sequenceCoverage="100" branchCoverage="50" isConstructor="False" isGetter="False" isSetter="False" isStatic="True">
              <Summary numSequencePoints="15" visitedSequencePoints="15" numBranchPoints="2" visitedBranchPoints="1" sequenceCoverage="100" branchCoverage="50" maxCyclomaticComplexity="2" minCyclomaticComplexity="2" visitedClasses="0" numClasses="0" visitedMethods="1" numMethods="1" />
              <MetadataToken />
              <Name>System.Void BellRichM.Weather.Api.Services.ConditionService/&lt;GetYearWeatherPage&gt;d__2::MoveNext()</Name>
              <FileRef uid="5" />
              <SequencePoints>
                <SequencePoint vc="1" uspid="24" ordinal="0" sl="24" sc="1" el="24" ec="2" bec="0" bev="0" fileid="5" />
                <SequencePoint vc="1" uspid="25" ordinal="1" sl="25" sc="1" el="25" ec="2" bec="0" bev="0" fileid="5" />
                <SequencePoint vc="1" uspid="27" ordinal="2" sl="27" sc="1" el="27" ec="2" bec="0" bev="0" fileid="5" />
                <SequencePoint vc="1" uspid="28" ordinal="3" sl="28" sc="1" el="28" ec="2" bec="0" bev="0" fileid="5" />
                <SequencePoint vc="1" uspid="29" ordinal="4" sl="29" sc="1" el="29" ec="2" bec="0" bev="0" fileid="5" />
                <SequencePoint vc="1" uspid="30" ordinal="5" sl="30" sc="1" el="30" ec="2" bec="0" bev="0" fileid="5" />
                <SequencePoint vc="1" uspid="31" ordinal="6" sl="31" sc="1" el="31" ec="2" bec="0" bev="0" fileid="5" />
                <SequencePoint vc="1" uspid="32" ordinal="7" sl="32" sc="1" el="32" ec="2" bec="0" bev="0" fileid="5" />
                <SequencePoint vc="1" uspid="34" ordinal="8" sl="34" sc="1" el="34" ec="2" bec="0" bev="0" fileid="5" />
                <SequencePoint vc="1" uspid="35" ordinal="9" sl="35" sc="1" el="35" ec="2" bec="0" bev="0" fileid="5" />
                <SequencePoint vc="1" uspid="36" ordinal="10" sl="36" sc="1" el="36" ec="2" bec="0" bev="0" fileid="5" />
                <SequencePoint vc="1" uspid="37" ordinal="11" sl="37" sc="1" el="37" ec="2" bec="0" bev="0" fileid="5" />
                <SequencePoint vc="1" uspid="38" ordinal="12" sl="38" sc="1" el="38" ec="2" bec="0" bev="0" fileid="5" />
                <SequencePoint vc="1" uspid="40" ordinal="13" sl="40" sc="1" el="40" ec="2" bec="0" bev="0" fileid="5" />
                <SequencePoint vc="1" uspid="41" ordinal="14" sl="41" sc="1" el="41" ec="2" bec="0" bev="0" fileid="5" />
              </SequencePoints>
              <BranchPoints>
                <BranchPoint vc="1" uspid="24" ordinal="0" path="0" offset="14" offsetend="25" sl="24" fileid="5" />
                <BranchPoint vc="0" uspid="24" ordinal="1" path="1" offset="14" offsetend="284" sl="24" fileid="5" />
              </BranchPoints>
              <MethodPoint vc="15" uspid="0" p8:type="SequencePoint" ordinal="0" offset="0" sc="0" sl="24" ec="1" el="41" bec="0" bev="0" fileid="5" xmlns:p8="xsi" />
            </Method>
          </Methods>
        </Class>
        <Class>
          <Summary numSequencePoints="10" visitedSequencePoints="10" numBranchPoints="0" visitedBranchPoints="0" sequenceCoverage="100" branchCoverage="100" maxCyclomaticComplexity="1" minCyclomaticComplexity="1" visitedClasses="1" numClasses="1" visitedMethods="3" numMethods="3" />
          <FullName>BellRichM.Weather.Api.Services.ObservationSqliteService</FullName>
          <Methods>
            <Method cyclomaticComplexity="1" nPathComplexity="0" sequenceCoverage="100" branchCoverage="100" isConstructor="False" isGetter="False" isSetter="False" isStatic="True">
              <Summary numSequencePoints="3" visitedSequencePoints="3" numBranchPoints="0" visitedBranchPoints="0" sequenceCoverage="100" branchCoverage="100" maxCyclomaticComplexity="1" minCyclomaticComplexity="1" visitedClasses="0" numClasses="0" visitedMethods="1" numMethods="1" />
              <MetadataToken />
              <Name>System.Threading.Tasks.Task`1&lt;System.Int32&gt; BellRichM.Weather.Api.Services.ObservationSqliteService::DeleteObservation(System.Int32)</Name>
              <FileRef uid="6" />
              <SequencePoints>
                <SequencePoint vc="2" uspid="38" ordinal="0" sl="38" sc="1" el="38" ec="2" bec="0" bev="0" fileid="6" />
                <SequencePoint vc="2" uspid="39" ordinal="1" sl="39" sc="1" el="39" ec="2" bec="0" bev="0" fileid="6" />
                <SequencePoint vc="2" uspid="40" ordinal="2" sl="40" sc="1" el="40" ec="2" bec="0" bev="0" fileid="6" />
              </SequencePoints>
              <BranchPoints />
              <MethodPoint vc="3" uspid="0" p8:type="SequencePoint" ordinal="0" offset="0" sc="0" sl="38" ec="1" el="40" bec="0" bev="0" fileid="6" xmlns:p8="xsi" />
            </Method>
            <Method cyclomaticComplexity="1" nPathComplexity="0" sequenceCoverage="100" branchCoverage="100" isConstructor="False" isGetter="False" isSetter="False" isStatic="True">
              <Summary numSequencePoints="3" visitedSequencePoints="3" numBranchPoints="0" visitedBranchPoints="0" sequenceCoverage="100" branchCoverage="100" maxCyclomaticComplexity="1" minCyclomaticComplexity="1" visitedClasses="0" numClasses="0" visitedMethods="1" numMethods="1" />
              <MetadataToken />
              <Name>System.Threading.Tasks.Task`1&lt;BellRichM.Weather.Api.Data.Observation&gt; BellRichM.Weather.Api.Services.ObservationSqliteService::GetObservation(System.Int32)</Name>
              <FileRef uid="6" />
              <SequencePoints>
                <SequencePoint vc="2" uspid="44" ordinal="0" sl="44" sc="1" el="44" ec="2" bec="0" bev="0" fileid="6" />
                <SequencePoint vc="2" uspid="45" ordinal="1" sl="45" sc="1" el="45" ec="2" bec="0" bev="0" fileid="6" />
                <SequencePoint vc="2" uspid="46" ordinal="2" sl="46" sc="1" el="46" ec="2" bec="0" bev="0" fileid="6" />
              </SequencePoints>
              <BranchPoints />
              <MethodPoint vc="3" uspid="0" p8:type="SequencePoint" ordinal="1" offset="1" sc="0" sl="44" ec="1" el="46" bec="0" bev="0" fileid="6" xmlns:p8="xsi" />
            </Method>
            <Method cyclomaticComplexity="1" nPathComplexity="0" sequenceCoverage="100" branchCoverage="100" isConstructor="True" isGetter="False" isSetter="False" isStatic="True">
              <Summary numSequencePoints="4" visitedSequencePoints="4" numBranchPoints="0" visitedBranchPoints="0" sequenceCoverage="100" branchCoverage="100" maxCyclomaticComplexity="1" minCyclomaticComplexity="1" visitedClasses="0" numClasses="0" visitedMethods="1" numMethods="1" />
              <MetadataToken />
              <Name>System.Void BellRichM.Weather.Api.Services.ObservationSqliteService::.ctor(BellRichM.Weather.Api.Repositories.IObservationRepository)</Name>
              <FileRef uid="6" />
              <SequencePoints>
                <SequencePoint vc="8" uspid="18" ordinal="0" sl="18" sc="1" el="18" ec="2" bec="0" bev="0" fileid="6" />
                <SequencePoint vc="8" uspid="19" ordinal="1" sl="19" sc="1" el="19" ec="2" bec="0" bev="0" fileid="6" />
                <SequencePoint vc="8" uspid="20" ordinal="2" sl="20" sc="1" el="20" ec="2" bec="0" bev="0" fileid="6" />
                <SequencePoint vc="8" uspid="21" ordinal="3" sl="21" sc="1" el="21" ec="2" bec="0" bev="0" fileid="6" />
              </SequencePoints>
              <BranchPoints />
              <MethodPoint vc="4" uspid="0" p8:type="SequencePoint" ordinal="2" offset="2" sc="0" sl="18" ec="1" el="21" bec="0" bev="0" fileid="6" xmlns:p8="xsi" />
            </Method>
          </Methods>
        </Class>
        <Class>
          <Summary numSequencePoints="8" visitedSequencePoints="8" numBranchPoints="4" visitedBranchPoints="3" sequenceCoverage="100" branchCoverage="75" maxCyclomaticComplexity="4" minCyclomaticComplexity="4" visitedClasses="1" numClasses="1" visitedMethods="1" numMethods="1" />
          <FullName>BellRichM.Weather.Api.Services.ObservationSqliteService/&lt;CreateObservation&gt;d__2</FullName>
          <Methods>
            <Method cyclomaticComplexity="4" nPathComplexity="0" sequenceCoverage="100" branchCoverage="75" isConstructor="False" isGetter="False" isSetter="False" isStatic="True">
              <Summary numSequencePoints="8" visitedSequencePoints="8" numBranchPoints="4" visitedBranchPoints="3" sequenceCoverage="100" branchCoverage="75" maxCyclomaticComplexity="4" minCyclomaticComplexity="4" visitedClasses="0" numClasses="0" visitedMethods="1" numMethods="1" />
              <MetadataToken />
              <Name>System.Void BellRichM.Weather.Api.Services.ObservationSqliteService/&lt;CreateObservation&gt;d__2::MoveNext()</Name>
              <FileRef uid="6" />
              <SequencePoints>
                <SequencePoint vc="2" uspid="25" ordinal="0" sl="25" sc="1" el="25" ec="2" bec="0" bev="0" fileid="6" />
                <SequencePoint vc="2" uspid="26" ordinal="1" sl="26" sc="1" el="26" ec="2" bec="0" bev="0" fileid="6" />
                <SequencePoint vc="2" uspid="27" ordinal="2" sl="27" sc="1" el="27" ec="2" bec="0" bev="0" fileid="6" />
                <SequencePoint vc="1" uspid="28" ordinal="3" sl="28" sc="1" el="28" ec="2" bec="0" bev="0" fileid="6" />
                <SequencePoint vc="1" uspid="29" ordinal="4" sl="29" sc="1" el="29" ec="2" bec="0" bev="0" fileid="6" />
                <SequencePoint vc="1" uspid="32" ordinal="5" sl="32" sc="1" el="32" ec="2" bec="0" bev="0" fileid="6" />
                <SequencePoint vc="1" uspid="33" ordinal="6" sl="33" sc="1" el="33" ec="2" bec="0" bev="0" fileid="6" />
                <SequencePoint vc="2" uspid="34" ordinal="7" sl="34" sc="1" el="34" ec="2" bec="0" bev="0" fileid="6" />
              </SequencePoints>
              <BranchPoints>
                <BranchPoint vc="2" uspid="25" ordinal="0" path="0" offset="14" offsetend="25" sl="25" fileid="6" />
                <BranchPoint vc="1" uspid="27" ordinal="2" path="0" offset="178" offsetend="180" sl="27" fileid="6" />
                <BranchPoint vc="1" uspid="27" ordinal="3" path="1" offset="178" offsetend="188" sl="27" fileid="6" />
                <BranchPoint vc="0" uspid="25" ordinal="1" path="1" offset="14" offsetend="279" sl="25" fileid="6" />
              </BranchPoints>
              <MethodPoint vc="8" uspid="0" p8:type="SequencePoint" ordinal="0" offset="0" sc="0" sl="25" ec="1" el="34" bec="0" bev="0" fileid="6" xmlns:p8="xsi" />
            </Method>
          </Methods>
        </Class>
        <Class>
          <Summary numSequencePoints="8" visitedSequencePoints="8" numBranchPoints="4" visitedBranchPoints="3" sequenceCoverage="100" branchCoverage="75" maxCyclomaticComplexity="4" minCyclomaticComplexity="4" visitedClasses="1" numClasses="1" visitedMethods="1" numMethods="1" />
          <FullName>BellRichM.Weather.Api.Services.ObservationSqliteService/&lt;UpdateObservation&gt;d__5</FullName>
          <Methods>
            <Method cyclomaticComplexity="4" nPathComplexity="0" sequenceCoverage="100" branchCoverage="75" isConstructor="False" isGetter="False" isSetter="False" isStatic="True">
              <Summary numSequencePoints="8" visitedSequencePoints="8" numBranchPoints="4" visitedBranchPoints="3" sequenceCoverage="100" branchCoverage="75" maxCyclomaticComplexity="4" minCyclomaticComplexity="4" visitedClasses="0" numClasses="0" visitedMethods="1" numMethods="1" />
              <MetadataToken />
              <Name>System.Void BellRichM.Weather.Api.Services.ObservationSqliteService/&lt;UpdateObservation&gt;d__5::MoveNext()</Name>
              <FileRef uid="6" />
              <SequencePoints>
                <SequencePoint vc="2" uspid="50" ordinal="0" sl="50" sc="1" el="50" ec="2" bec="0" bev="0" fileid="6" />
                <SequencePoint vc="2" uspid="51" ordinal="1" sl="51" sc="1" el="51" ec="2" bec="0" bev="0" fileid="6" />
                <SequencePoint vc="2" uspid="52" ordinal="2" sl="52" sc="1" el="52" ec="2" bec="0" bev="0" fileid="6" />
                <SequencePoint vc="1" uspid="53" ordinal="3" sl="53" sc="1" el="53" ec="2" bec="0" bev="0" fileid="6" />
                <SequencePoint vc="1" uspid="54" ordinal="4" sl="54" sc="1" el="54" ec="2" bec="0" bev="0" fileid="6" />
                <SequencePoint vc="1" uspid="57" ordinal="5" sl="57" sc="1" el="57" ec="2" bec="0" bev="0" fileid="6" />
                <SequencePoint vc="1" uspid="58" ordinal="6" sl="58" sc="1" el="58" ec="2" bec="0" bev="0" fileid="6" />
                <SequencePoint vc="2" uspid="59" ordinal="7" sl="59" sc="1" el="59" ec="2" bec="0" bev="0" fileid="6" />
              </SequencePoints>
              <BranchPoints>
                <BranchPoint vc="2" uspid="50" ordinal="0" path="0" offset="14" offsetend="25" sl="50" fileid="6" />
                <BranchPoint vc="1" uspid="52" ordinal="2" path="0" offset="178" offsetend="180" sl="52" fileid="6" />
                <BranchPoint vc="1" uspid="52" ordinal="3" path="1" offset="178" offsetend="188" sl="52" fileid="6" />
                <BranchPoint vc="0" uspid="50" ordinal="1" path="1" offset="14" offsetend="279" sl="50" fileid="6" />
              </BranchPoints>
              <MethodPoint vc="8" uspid="0" p8:type="SequencePoint" ordinal="0" offset="0" sc="0" sl="50" ec="1" el="59" bec="0" bev="0" fileid="6" xmlns:p8="xsi" />
            </Method>
          </Methods>
        </Class>
        <Class>
          <Summary numSequencePoints="32" visitedSequencePoints="32" numBranchPoints="0" visitedBranchPoints="0" sequenceCoverage="100" branchCoverage="100" maxCyclomaticComplexity="1" minCyclomaticComplexity="1" visitedClasses="1" numClasses="1" visitedMethods="2" numMethods="2" />
          <FullName>BellRichM.Weather.Api.Repositories.ConditionRepository</FullName>
          <Methods>
            <Method cyclomaticComplexity="1" nPathComplexity="0" sequenceCoverage="100" branchCoverage="100" isConstructor="False" isGetter="False" isSetter="False" isStatic="True">
              <Summary numSequencePoints="26" visitedSequencePoints="26" numBranchPoints="0" visitedBranchPoints="0" sequenceCoverage="100" branchCoverage="100" maxCyclomaticComplexity="1" minCyclomaticComplexity="1" visitedClasses="0" numClasses="0" visitedMethods="1" numMethods="1" />
              <MetadataToken />
              <Name>BellRichM.Weather.Api.Data.Condition BellRichM.Weather.Api.Repositories.ConditionRepository::ReadDataFields(System.Data.Common.DbDataReader)</Name>
              <FileRef uid="7" />
              <SequencePoints>
                <SequencePoint vc="4" uspid="194" ordinal="0" sl="194" sc="1" el="194" ec="2" bec="0" bev="0" fileid="7" />
                <SequencePoint vc="4" uspid="195" ordinal="1" sl="195" sc="1" el="195" ec="2" bec="0" bev="0" fileid="7" />
                <SequencePoint vc="4" uspid="196" ordinal="2" sl="196" sc="1" el="196" ec="2" bec="0" bev="0" fileid="7" />
                <SequencePoint vc="4" uspid="197" ordinal="3" sl="197" sc="1" el="197" ec="2" bec="0" bev="0" fileid="7" />
                <SequencePoint vc="4" uspid="198" ordinal="4" sl="198" sc="1" el="198" ec="2" bec="0" bev="0" fileid="7" />
                <SequencePoint vc="4" uspid="199" ordinal="5" sl="199" sc="1" el="199" ec="2" bec="0" bev="0" fileid="7" />
                <SequencePoint vc="4" uspid="200" ordinal="6" sl="200" sc="1" el="200" ec="2" bec="0" bev="0" fileid="7" />
                <SequencePoint vc="4" uspid="201" ordinal="7" sl="201" sc="1" el="201" ec="2" bec="0" bev="0" fileid="7" />
                <SequencePoint vc="4" uspid="202" ordinal="8" sl="202" sc="1" el="202" ec="2" bec="0" bev="0" fileid="7" />
                <SequencePoint vc="4" uspid="203" ordinal="9" sl="203" sc="1" el="203" ec="2" bec="0" bev="0" fileid="7" />
                <SequencePoint vc="4" uspid="204" ordinal="10" sl="204" sc="1" el="204" ec="2" bec="0" bev="0" fileid="7" />
                <SequencePoint vc="4" uspid="205" ordinal="11" sl="205" sc="1" el="205" ec="2" bec="0" bev="0" fileid="7" />
                <SequencePoint vc="4" uspid="206" ordinal="12" sl="206" sc="1" el="206" ec="2" bec="0" bev="0" fileid="7" />
                <SequencePoint vc="4" uspid="207" ordinal="13" sl="207" sc="1" el="207" ec="2" bec="0" bev="0" fileid="7" />
                <SequencePoint vc="4" uspid="208" ordinal="14" sl="208" sc="1" el="208" ec="2" bec="0" bev="0" fileid="7" />
                <SequencePoint vc="4" uspid="209" ordinal="15" sl="209" sc="1" el="209" ec="2" bec="0" bev="0" fileid="7" />
                <SequencePoint vc="4" uspid="210" ordinal="16" sl="210" sc="1" el="210" ec="2" bec="0" bev="0" fileid="7" />
                <SequencePoint vc="4" uspid="211" ordinal="17" sl="211" sc="1" el="211" ec="2" bec="0" bev="0" fileid="7" />
                <SequencePoint vc="4" uspid="212" ordinal="18" sl="212" sc="1" el="212" ec="2" bec="0" bev="0" fileid="7" />
                <SequencePoint vc="4" uspid="213" ordinal="19" sl="213" sc="1" el="213" ec="2" bec="0" bev="0" fileid="7" />
                <SequencePoint vc="4" uspid="214" ordinal="20" sl="214" sc="1" el="214" ec="2" bec="0" bev="0" fileid="7" />
                <SequencePoint vc="4" uspid="215" ordinal="21" sl="215" sc="1" el="215" ec="2" bec="0" bev="0" fileid="7" />
                <SequencePoint vc="4" uspid="216" ordinal="22" sl="216" sc="1" el="216" ec="2" bec="0" bev="0" fileid="7" />
                <SequencePoint vc="4" uspid="217" ordinal="23" sl="217" sc="1" el="217" ec="2" bec="0" bev="0" fileid="7" />
                <SequencePoint vc="4" uspid="218" ordinal="24" sl="218" sc="1" el="218" ec="2" bec="0" bev="0" fileid="7" />
                <SequencePoint vc="4" uspid="219" ordinal="25" sl="219" sc="1" el="219" ec="2" bec="0" bev="0" fileid="7" />
              </SequencePoints>
              <BranchPoints />
              <MethodPoint vc="26" uspid="0" p8:type="SequencePoint" ordinal="0" offset="0" sc="0" sl="194" ec="1" el="219" bec="0" bev="0" fileid="7" xmlns:p8="xsi" />
            </Method>
            <Method cyclomaticComplexity="1" nPathComplexity="0" sequenceCoverage="100" branchCoverage="100" isConstructor="True" isGetter="False" isSetter="False" isStatic="True">
              <Summary numSequencePoints="6" visitedSequencePoints="6" numBranchPoints="0" visitedBranchPoints="0" sequenceCoverage="100" branchCoverage="100" maxCyclomaticComplexity="1" minCyclomaticComplexity="1" visitedClasses="0" numClasses="0" visitedMethods="1" numMethods="1" />
              <MetadataToken />
              <Name>System.Void BellRichM.Weather.Api.Repositories.ConditionRepository::.ctor(BellRichM.Logging.ILoggerAdapter`1&lt;BellRichM.Weather.Api.Repositories.ConditionRepository&gt;,BellRichM.Weather.Api.Repositories.ConditionRepositoryDbProviderFactory,BellRichM.Weather.Api.Configuration.IConditionRepositoryConfiguration)</Name>
              <FileRef uid="7" />
              <SequencePoints>
                <SequencePoint vc="5" uspid="48" ordinal="0" sl="48" sc="1" el="48" ec="2" bec="0" bev="0" fileid="7" />
                <SequencePoint vc="5" uspid="49" ordinal="1" sl="49" sc="1" el="49" ec="2" bec="0" bev="0" fileid="7" />
                <SequencePoint vc="5" uspid="50" ordinal="2" sl="50" sc="1" el="50" ec="2" bec="0" bev="0" fileid="7" />
                <SequencePoint vc="5" uspid="51" ordinal="3" sl="51" sc="1" el="51" ec="2" bec="0" bev="0" fileid="7" />
                <SequencePoint vc="5" uspid="52" ordinal="4" sl="52" sc="1" el="52" ec="2" bec="0" bev="0" fileid="7" />
                <SequencePoint vc="5" uspid="53" ordinal="5" sl="53" sc="1" el="53" ec="2" bec="0" bev="0" fileid="7" />
              </SequencePoints>
              <BranchPoints />
              <MethodPoint vc="6" uspid="0" p8:type="SequencePoint" ordinal="1" offset="1" sc="0" sl="48" ec="1" el="53" bec="0" bev="0" fileid="7" xmlns:p8="xsi" />
            </Method>
          </Methods>
        </Class>
        <Class>
          <Summary numSequencePoints="36" visitedSequencePoints="36" numBranchPoints="8" visitedBranchPoints="7" sequenceCoverage="100" branchCoverage="87.5" maxCyclomaticComplexity="8" minCyclomaticComplexity="8" visitedClasses="1" numClasses="1" visitedMethods="1" numMethods="1" />
          <FullName>BellRichM.Weather.Api.Repositories.ConditionRepository/&lt;GetYear&gt;d__5</FullName>
          <Methods>
            <Method cyclomaticComplexity="8" nPathComplexity="0" sequenceCoverage="100" branchCoverage="87.5" isConstructor="False" isGetter="False" isSetter="False" isStatic="True">
              <Summary numSequencePoints="36" visitedSequencePoints="36" numBranchPoints="8" visitedBranchPoints="7" sequenceCoverage="100" branchCoverage="87.5" maxCyclomaticComplexity="8" minCyclomaticComplexity="8" visitedClasses="0" numClasses="0" visitedMethods="1" numMethods="1" />
              <MetadataToken />
              <Name>System.Void BellRichM.Weather.Api.Repositories.ConditionRepository/&lt;GetYear&gt;d__5::MoveNext()</Name>
              <FileRef uid="7" />
              <SequencePoints>
                <SequencePoint vc="2" uspid="57" ordinal="0" sl="57" sc="1" el="57" ec="2" bec="0" bev="0" fileid="7" />
                <SequencePoint vc="2" uspid="58" ordinal="1" sl="58" sc="1" el="58" ec="2" bec="0" bev="0" fileid="7" />
                <SequencePoint vc="2" uspid="60" ordinal="2" sl="60" sc="1" el="60" ec="2" bec="0" bev="0" fileid="7" />
                <SequencePoint vc="2" uspid="61" ordinal="3" sl="61" sc="1" el="61" ec="2" bec="0" bev="0" fileid="7" />
                <SequencePoint vc="2" uspid="62" ordinal="4" sl="62" sc="1" el="62" ec="2" bec="0" bev="0" fileid="7" />
                <SequencePoint vc="2" uspid="63" ordinal="5" sl="63" sc="1" el="63" ec="2" bec="0" bev="0" fileid="7" />
                <SequencePoint vc="2" uspid="64" ordinal="6" sl="64" sc="1" el="64" ec="2" bec="0" bev="0" fileid="7" />
                <SequencePoint vc="2" uspid="65" ordinal="7" sl="65" sc="1" el="65" ec="2" bec="0" bev="0" fileid="7" />
                <SequencePoint vc="2" uspid="66" ordinal="8" sl="66" sc="1" el="66" ec="2" bec="0" bev="0" fileid="7" />
                <SequencePoint vc="2" uspid="67" ordinal="9" sl="67" sc="1" el="67" ec="2" bec="0" bev="0" fileid="7" />
                <SequencePoint vc="2" uspid="68" ordinal="10" sl="68" sc="1" el="68" ec="2" bec="0" bev="0" fileid="7" />
                <SequencePoint vc="2" uspid="70" ordinal="11" sl="70" sc="1" el="70" ec="2" bec="0" bev="0" fileid="7" />
                <SequencePoint vc="2" uspid="72" ordinal="12" sl="72" sc="1" el="72" ec="2" bec="0" bev="0" fileid="7" />
                <SequencePoint vc="2" uspid="73" ordinal="13" sl="73" sc="1" el="73" ec="2" bec="0" bev="0" fileid="7" />
                <SequencePoint vc="2" uspid="74" ordinal="14" sl="74" sc="1" el="74" ec="2" bec="0" bev="0" fileid="7" />
                <SequencePoint vc="2" uspid="75" ordinal="15" sl="75" sc="1" el="75" ec="2" bec="0" bev="0" fileid="7" />
                <SequencePoint vc="2" uspid="76" ordinal="16" sl="76" sc="1" el="76" ec="2" bec="0" bev="0" fileid="7" />
                <SequencePoint vc="2" uspid="77" ordinal="17" sl="77" sc="1" el="77" ec="2" bec="0" bev="0" fileid="7" />
                <SequencePoint vc="2" uspid="78" ordinal="18" sl="78" sc="1" el="78" ec="2" bec="0" bev="0" fileid="7" />
                <SequencePoint vc="2" uspid="79" ordinal="19" sl="79" sc="1" el="79" ec="2" bec="0" bev="0" fileid="7" />
                <SequencePoint vc="2" uspid="80" ordinal="20" sl="80" sc="1" el="80" ec="2" bec="0" bev="0" fileid="7" />
                <SequencePoint vc="2" uspid="81" ordinal="21" sl="81" sc="1" el="81" ec="2" bec="0" bev="0" fileid="7" />
                <SequencePoint vc="2" uspid="83" ordinal="22" sl="83" sc="1" el="83" ec="2" bec="0" bev="0" fileid="7" />
                <SequencePoint vc="2" uspid="85" ordinal="23" sl="85" sc="1" el="85" ec="2" bec="0" bev="0" fileid="7" />
                <SequencePoint vc="2" uspid="86" ordinal="24" sl="86" sc="1" el="86" ec="2" bec="0" bev="0" fileid="7" />
                <SequencePoint vc="5" uspid="87" ordinal="25" sl="87" sc="1" el="87" ec="2" bec="0" bev="0" fileid="7" />
                <SequencePoint vc="3" uspid="88" ordinal="26" sl="88" sc="1" el="88" ec="2" bec="0" bev="0" fileid="7" />
                <SequencePoint vc="3" uspid="89" ordinal="27" sl="89" sc="1" el="89" ec="2" bec="0" bev="0" fileid="7" />
                <SequencePoint vc="3" uspid="90" ordinal="28" sl="90" sc="1" el="90" ec="2" bec="0" bev="0" fileid="7" />
                <SequencePoint vc="3" uspid="91" ordinal="29" sl="91" sc="1" el="91" ec="2" bec="0" bev="0" fileid="7" />
                <SequencePoint vc="3" uspid="92" ordinal="30" sl="92" sc="1" el="92" ec="2" bec="0" bev="0" fileid="7" />
                <SequencePoint vc="2" uspid="93" ordinal="31" sl="93" sc="1" el="93" ec="2" bec="0" bev="0" fileid="7" />
                <SequencePoint vc="2" uspid="94" ordinal="32" sl="94" sc="1" el="94" ec="2" bec="0" bev="0" fileid="7" />
                <SequencePoint vc="2" uspid="95" ordinal="33" sl="95" sc="1" el="95" ec="2" bec="0" bev="0" fileid="7" />
                <SequencePoint vc="2" uspid="97" ordinal="34" sl="97" sc="1" el="97" ec="2" bec="0" bev="0" fileid="7" />
                <SequencePoint vc="2" uspid="98" ordinal="35" sl="98" sc="1" el="98" ec="2" bec="0" bev="0" fileid="7" />
              </SequencePoints>
              <BranchPoints>
                <BranchPoint vc="2" uspid="74" ordinal="0" path="0" offset="155" offsetend="161" sl="74" fileid="7" />
                <BranchPoint vc="2" uspid="74" ordinal="1" path="1" offset="155" offsetend="209" sl="74" fileid="7" />
                <BranchPoint vc="2" uspid="78" ordinal="2" path="0" offset="211" offsetend="217" sl="78" fileid="7" />
                <BranchPoint vc="2" uspid="78" ordinal="3" path="1" offset="211" offsetend="303" sl="78" fileid="7" />
                <BranchPoint vc="2" uspid="85" ordinal="4" path="0" offset="305" offsetend="314" sl="85" fileid="7" />
                <BranchPoint vc="3" uspid="87" ordinal="7" path="1" offset="530" offsetend="317" sl="87" fileid="7" />
                <BranchPoint vc="0" uspid="85" ordinal="5" path="1" offset="305" offsetend="481" sl="85" fileid="7" />
                <BranchPoint vc="2" uspid="87" ordinal="6" path="0" offset="530" offsetend="535" sl="87" fileid="7" />
              </BranchPoints>
              <MethodPoint vc="36" uspid="0" p8:type="SequencePoint" ordinal="0" offset="0" sc="0" sl="57" ec="1" el="98" bec="0" bev="0" fileid="7" xmlns:p8="xsi" />
            </Method>
          </Methods>
        </Class>
        <Class>
          <Summary numSequencePoints="48" visitedSequencePoints="48" numBranchPoints="8" visitedBranchPoints="7" sequenceCoverage="100" branchCoverage="87.5" maxCyclomaticComplexity="8" minCyclomaticComplexity="8" visitedClasses="1" numClasses="1" visitedMethods="1" numMethods="1" />
          <FullName>BellRichM.Weather.Api.Repositories.ConditionRepository/&lt;GetHourDetail&gt;d__6</FullName>
          <Methods>
            <Method cyclomaticComplexity="8" nPathComplexity="0" sequenceCoverage="100" branchCoverage="87.5" isConstructor="False" isGetter="False" isSetter="False" isStatic="True">
              <Summary numSequencePoints="48" visitedSequencePoints="48" numBranchPoints="8" visitedBranchPoints="7" sequenceCoverage="100" branchCoverage="87.5" maxCyclomaticComplexity="8" minCyclomaticComplexity="8" visitedClasses="0" numClasses="0" visitedMethods="1" numMethods="1" />
              <MetadataToken />
              <Name>System.Void BellRichM.Weather.Api.Repositories.ConditionRepository/&lt;GetHourDetail&gt;d__6::MoveNext()</Name>
              <FileRef uid="7" />
              <SequencePoints>
                <SequencePoint vc="2" uspid="102" ordinal="0" sl="102" sc="1" el="102" ec="2" bec="0" bev="0" fileid="7" />
                <SequencePoint vc="2" uspid="103" ordinal="1" sl="103" sc="1" el="103" ec="2" bec="0" bev="0" fileid="7" />
                <SequencePoint vc="2" uspid="105" ordinal="2" sl="105" sc="1" el="105" ec="2" bec="0" bev="0" fileid="7" />
                <SequencePoint vc="2" uspid="106" ordinal="3" sl="106" sc="1" el="106" ec="2" bec="0" bev="0" fileid="7" />
                <SequencePoint vc="2" uspid="107" ordinal="4" sl="107" sc="1" el="107" ec="2" bec="0" bev="0" fileid="7" />
                <SequencePoint vc="2" uspid="108" ordinal="5" sl="108" sc="1" el="108" ec="2" bec="0" bev="0" fileid="7" />
                <SequencePoint vc="2" uspid="109" ordinal="6" sl="109" sc="1" el="109" ec="2" bec="0" bev="0" fileid="7" />
                <SequencePoint vc="2" uspid="110" ordinal="7" sl="110" sc="1" el="110" ec="2" bec="0" bev="0" fileid="7" />
                <SequencePoint vc="2" uspid="111" ordinal="8" sl="111" sc="1" el="111" ec="2" bec="0" bev="0" fileid="7" />
                <SequencePoint vc="2" uspid="112" ordinal="9" sl="112" sc="1" el="112" ec="2" bec="0" bev="0" fileid="7" />
                <SequencePoint vc="2" uspid="113" ordinal="10" sl="113" sc="1" el="113" ec="2" bec="0" bev="0" fileid="7" />
                <SequencePoint vc="2" uspid="114" ordinal="11" sl="114" sc="1" el="114" ec="2" bec="0" bev="0" fileid="7" />
                <SequencePoint vc="2" uspid="115" ordinal="12" sl="115" sc="1" el="115" ec="2" bec="0" bev="0" fileid="7" />
                <SequencePoint vc="2" uspid="116" ordinal="13" sl="116" sc="1" el="116" ec="2" bec="0" bev="0" fileid="7" />
                <SequencePoint vc="2" uspid="117" ordinal="14" sl="117" sc="1" el="117" ec="2" bec="0" bev="0" fileid="7" />
                <SequencePoint vc="2" uspid="118" ordinal="15" sl="118" sc="1" el="118" ec="2" bec="0" bev="0" fileid="7" />
                <SequencePoint vc="2" uspid="119" ordinal="16" sl="119" sc="1" el="119" ec="2" bec="0" bev="0" fileid="7" />
                <SequencePoint vc="2" uspid="120" ordinal="17" sl="120" sc="1" el="120" ec="2" bec="0" bev="0" fileid="7" />
                <SequencePoint vc="2" uspid="121" ordinal="18" sl="121" sc="1" el="121" ec="2" bec="0" bev="0" fileid="7" />
                <SequencePoint vc="2" uspid="123" ordinal="19" sl="123" sc="1" el="123" ec="2" bec="0" bev="0" fileid="7" />
                <SequencePoint vc="2" uspid="125" ordinal="20" sl="125" sc="1" el="125" ec="2" bec="0" bev="0" fileid="7" />
                <SequencePoint vc="2" uspid="126" ordinal="21" sl="126" sc="1" el="126" ec="2" bec="0" bev="0" fileid="7" />
                <SequencePoint vc="2" uspid="127" ordinal="22" sl="127" sc="1" el="127" ec="2" bec="0" bev="0" fileid="7" />
                <SequencePoint vc="2" uspid="128" ordinal="23" sl="128" sc="1" el="128" ec="2" bec="0" bev="0" fileid="7" />
                <SequencePoint vc="2" uspid="129" ordinal="24" sl="129" sc="1" el="129" ec="2" bec="0" bev="0" fileid="7" />
                <SequencePoint vc="2" uspid="130" ordinal="25" sl="130" sc="1" el="130" ec="2" bec="0" bev="0" fileid="7" />
                <SequencePoint vc="2" uspid="131" ordinal="26" sl="131" sc="1" el="131" ec="2" bec="0" bev="0" fileid="7" />
                <SequencePoint vc="2" uspid="132" ordinal="27" sl="132" sc="1" el="132" ec="2" bec="0" bev="0" fileid="7" />
                <SequencePoint vc="2" uspid="133" ordinal="28" sl="133" sc="1" el="133" ec="2" bec="0" bev="0" fileid="7" />
                <SequencePoint vc="2" uspid="134" ordinal="29" sl="134" sc="1" el="134" ec="2" bec="0" bev="0" fileid="7" />
                <SequencePoint vc="2" uspid="135" ordinal="30" sl="135" sc="1" el="135" ec="2" bec="0" bev="0" fileid="7" />
                <SequencePoint vc="2" uspid="136" ordinal="31" sl="136" sc="1" el="136" ec="2" bec="0" bev="0" fileid="7" />
                <SequencePoint vc="2" uspid="138" ordinal="32" sl="138" sc="1" el="138" ec="2" bec="0" bev="0" fileid="7" />
                <SequencePoint vc="2" uspid="140" ordinal="33" sl="140" sc="1" el="140" ec="2" bec="0" bev="0" fileid="7" />
                <SequencePoint vc="2" uspid="141" ordinal="34" sl="141" sc="1" el="141" ec="2" bec="0" bev="0" fileid="7" />
                <SequencePoint vc="3" uspid="142" ordinal="35" sl="142" sc="1" el="142" ec="2" bec="0" bev="0" fileid="7" />
                <SequencePoint vc="1" uspid="143" ordinal="36" sl="143" sc="1" el="143" ec="2" bec="0" bev="0" fileid="7" />
                <SequencePoint vc="1" uspid="144" ordinal="37" sl="144" sc="1" el="144" ec="2" bec="0" bev="0" fileid="7" />
                <SequencePoint vc="1" uspid="145" ordinal="38" sl="145" sc="1" el="145" ec="2" bec="0" bev="0" fileid="7" />
                <SequencePoint vc="1" uspid="146" ordinal="39" sl="146" sc="1" el="146" ec="2" bec="0" bev="0" fileid="7" />
                <SequencePoint vc="1" uspid="147" ordinal="40" sl="147" sc="1" el="147" ec="2" bec="0" bev="0" fileid="7" />
                <SequencePoint vc="1" uspid="148" ordinal="41" sl="148" sc="1" el="148" ec="2" bec="0" bev="0" fileid="7" />
                <SequencePoint vc="1" uspid="149" ordinal="42" sl="149" sc="1" el="149" ec="2" bec="0" bev="0" fileid="7" />
                <SequencePoint vc="2" uspid="150" ordinal="43" sl="150" sc="1" el="150" ec="2" bec="0" bev="0" fileid="7" />
                <SequencePoint vc="2" uspid="151" ordinal="44" sl="151" sc="1" el="151" ec="2" bec="0" bev="0" fileid="7" />
                <SequencePoint vc="2" uspid="152" ordinal="45" sl="152" sc="1" el="152" ec="2" bec="0" bev="0" fileid="7" />
                <SequencePoint vc="2" uspid="154" ordinal="46" sl="154" sc="1" el="154" ec="2" bec="0" bev="0" fileid="7" />
                <SequencePoint vc="2" uspid="155" ordinal="47" sl="155" sc="1" el="155" ec="2" bec="0" bev="0" fileid="7" />
              </SequencePoints>
              <BranchPoints>
                <BranchPoint vc="2" uspid="127" ordinal="0" path="0" offset="179" offsetend="185" sl="127" fileid="7" />
                <BranchPoint vc="2" uspid="127" ordinal="1" path="1" offset="179" offsetend="233" sl="127" fileid="7" />
                <BranchPoint vc="2" uspid="131" ordinal="2" path="0" offset="235" offsetend="244" sl="131" fileid="7" />
                <BranchPoint vc="2" uspid="131" ordinal="3" path="1" offset="235" offsetend="386" sl="131" fileid="7" />
                <BranchPoint vc="2" uspid="140" ordinal="4" path="0" offset="388" offsetend="397" sl="140" fileid="7" />
                <BranchPoint vc="1" uspid="142" ordinal="7" path="1" offset="720" offsetend="403" sl="142" fileid="7" />
                <BranchPoint vc="0" uspid="140" ordinal="5" path="1" offset="388" offsetend="671" sl="140" fileid="7" />
                <BranchPoint vc="2" uspid="142" ordinal="6" path="0" offset="720" offsetend="725" sl="142" fileid="7" />
              </BranchPoints>
              <MethodPoint vc="48" uspid="0" p8:type="SequencePoint" ordinal="0" offset="0" sc="0" sl="102" ec="1" el="155" bec="0" bev="0" fileid="7" xmlns:p8="xsi" />
            </Method>
          </Methods>
        </Class>
        <Class>
          <Summary numSequencePoints="27" visitedSequencePoints="27" numBranchPoints="8" visitedBranchPoints="7" sequenceCoverage="100" branchCoverage="87.5" maxCyclomaticComplexity="8" minCyclomaticComplexity="8" visitedClasses="1" numClasses="1" visitedMethods="1" numMethods="1" />
          <FullName>BellRichM.Weather.Api.Repositories.ConditionRepository/&lt;GetYearCount&gt;d__7</FullName>
          <Methods>
            <Method cyclomaticComplexity="8" nPathComplexity="0" sequenceCoverage="100" branchCoverage="87.5" isConstructor="False" isGetter="False" isSetter="False" isStatic="True">
              <Summary numSequencePoints="27" visitedSequencePoints="27" numBranchPoints="8" visitedBranchPoints="7" sequenceCoverage="100" branchCoverage="87.5" maxCyclomaticComplexity="8" minCyclomaticComplexity="8" visitedClasses="0" numClasses="0" visitedMethods="1" numMethods="1" />
              <MetadataToken />
              <Name>System.Void BellRichM.Weather.Api.Repositories.ConditionRepository/&lt;GetYearCount&gt;d__7::MoveNext()</Name>
              <FileRef uid="7" />
              <SequencePoints>
                <SequencePoint vc="1" uspid="159" ordinal="0" sl="159" sc="1" el="159" ec="2" bec="0" bev="0" fileid="7" />
                <SequencePoint vc="1" uspid="160" ordinal="1" sl="160" sc="1" el="160" ec="2" bec="0" bev="0" fileid="7" />
                <SequencePoint vc="1" uspid="162" ordinal="2" sl="162" sc="1" el="162" ec="2" bec="0" bev="0" fileid="7" />
                <SequencePoint vc="1" uspid="163" ordinal="3" sl="163" sc="1" el="163" ec="2" bec="0" bev="0" fileid="7" />
                <SequencePoint vc="1" uspid="164" ordinal="4" sl="164" sc="1" el="164" ec="2" bec="0" bev="0" fileid="7" />
                <SequencePoint vc="1" uspid="165" ordinal="5" sl="165" sc="1" el="165" ec="2" bec="0" bev="0" fileid="7" />
                <SequencePoint vc="1" uspid="166" ordinal="6" sl="166" sc="1" el="166" ec="2" bec="0" bev="0" fileid="7" />
                <SequencePoint vc="1" uspid="168" ordinal="7" sl="168" sc="1" el="168" ec="2" bec="0" bev="0" fileid="7" />
                <SequencePoint vc="1" uspid="170" ordinal="8" sl="170" sc="1" el="170" ec="2" bec="0" bev="0" fileid="7" />
                <SequencePoint vc="1" uspid="171" ordinal="9" sl="171" sc="1" el="171" ec="2" bec="0" bev="0" fileid="7" />
                <SequencePoint vc="1" uspid="172" ordinal="10" sl="172" sc="1" el="172" ec="2" bec="0" bev="0" fileid="7" />
                <SequencePoint vc="1" uspid="173" ordinal="11" sl="173" sc="1" el="173" ec="2" bec="0" bev="0" fileid="7" />
                <SequencePoint vc="1" uspid="174" ordinal="12" sl="174" sc="1" el="174" ec="2" bec="0" bev="0" fileid="7" />
                <SequencePoint vc="1" uspid="175" ordinal="13" sl="175" sc="1" el="175" ec="2" bec="0" bev="0" fileid="7" />
                <SequencePoint vc="1" uspid="176" ordinal="14" sl="176" sc="1" el="176" ec="2" bec="0" bev="0" fileid="7" />
                <SequencePoint vc="1" uspid="177" ordinal="15" sl="177" sc="1" el="177" ec="2" bec="0" bev="0" fileid="7" />
                <SequencePoint vc="1" uspid="178" ordinal="16" sl="178" sc="1" el="178" ec="2" bec="0" bev="0" fileid="7" />
                <SequencePoint vc="1" uspid="180" ordinal="17" sl="180" sc="1" el="180" ec="2" bec="0" bev="0" fileid="7" />
                <SequencePoint vc="1" uspid="181" ordinal="18" sl="181" sc="1" el="181" ec="2" bec="0" bev="0" fileid="7" />
                <SequencePoint vc="1" uspid="182" ordinal="19" sl="182" sc="1" el="182" ec="2" bec="0" bev="0" fileid="7" />
                <SequencePoint vc="1" uspid="183" ordinal="20" sl="183" sc="1" el="183" ec="2" bec="0" bev="0" fileid="7" />
                <SequencePoint vc="1" uspid="184" ordinal="21" sl="184" sc="1" el="184" ec="2" bec="0" bev="0" fileid="7" />
                <SequencePoint vc="1" uspid="185" ordinal="22" sl="185" sc="1" el="185" ec="2" bec="0" bev="0" fileid="7" />
                <SequencePoint vc="1" uspid="186" ordinal="23" sl="186" sc="1" el="186" ec="2" bec="0" bev="0" fileid="7" />
                <SequencePoint vc="1" uspid="187" ordinal="24" sl="187" sc="1" el="187" ec="2" bec="0" bev="0" fileid="7" />
                <SequencePoint vc="1" uspid="189" ordinal="25" sl="189" sc="1" el="189" ec="2" bec="0" bev="0" fileid="7" />
                <SequencePoint vc="1" uspid="191" ordinal="26" sl="191" sc="1" el="191" ec="2" bec="0" bev="0" fileid="7" />
              </SequencePoints>
              <BranchPoints>
                <BranchPoint vc="1" uspid="172" ordinal="0" path="0" offset="119" offsetend="125" sl="172" fileid="7" />
                <BranchPoint vc="1" uspid="172" ordinal="1" path="1" offset="119" offsetend="173" sl="172" fileid="7" />
                <BranchPoint vc="1" uspid="176" ordinal="2" path="0" offset="175" offsetend="181" sl="176" fileid="7" />
                <BranchPoint vc="1" uspid="176" ordinal="3" path="1" offset="175" offsetend="211" sl="176" fileid="7" />
                <BranchPoint vc="1" uspid="180" ordinal="4" path="0" offset="213" offsetend="219" sl="180" fileid="7" />
                <BranchPoint vc="0" uspid="180" ordinal="5" path="1" offset="213" offsetend="296" sl="180" fileid="7" />
                <BranchPoint vc="1" uspid="182" ordinal="6" path="0" offset="345" offsetend="347" sl="182" fileid="7" />
                <BranchPoint vc="1" uspid="182" ordinal="7" path="1" offset="345" offsetend="381" sl="182" fileid="7" />
              </BranchPoints>
              <MethodPoint vc="27" uspid="0" p8:type="SequencePoint" ordinal="0" offset="0" sc="0" sl="159" ec="1" el="191" bec="0" bev="0" fileid="7" xmlns:p8="xsi" />
            </Method>
          </Methods>
        </Class>
        <Class>
          <Summary numSequencePoints="5" visitedSequencePoints="5" numBranchPoints="0" visitedBranchPoints="0" sequenceCoverage="100" branchCoverage="100" maxCyclomaticComplexity="1" minCyclomaticComplexity="1" visitedClasses="1" numClasses="1" visitedMethods="2" numMethods="2" />
          <FullName>BellRichM.Weather.Api.Repositories.ConditionRepositoryDbProviderFactory</FullName>
          <Methods>
            <Method cyclomaticComplexity="1" nPathComplexity="0" sequenceCoverage="100" branchCoverage="100" isConstructor="True" isGetter="True" isSetter="False" isStatic="True">
              <Summary numSequencePoints="1" visitedSequencePoints="1" numBranchPoints="0" visitedBranchPoints="0" sequenceCoverage="100" branchCoverage="100" maxCyclomaticComplexity="1" minCyclomaticComplexity="1" visitedClasses="0" numClasses="0" visitedMethods="1" numMethods="1" />
              <MetadataToken />
              <Name>System.Data.Common.DbProviderFactory BellRichM.Weather.Api.Repositories.ConditionRepositoryDbProviderFactory::get_ConditionDbProviderFactory()</Name>
              <FileRef uid="8" />
              <SequencePoints>
                <SequencePoint vc="5" uspid="23" ordinal="0" sl="23" sc="1" el="23" ec="2" bec="0" bev="0" fileid="8" />
              </SequencePoints>
              <BranchPoints />
              <MethodPoint vc="1" uspid="0" p8:type="SequencePoint" ordinal="0" offset="0" sc="0" sl="23" ec="1" el="23" bec="0" bev="0" fileid="8" xmlns:p8="xsi" />
            </Method>
            <Method cyclomaticComplexity="1" nPathComplexity="0" sequenceCoverage="100" branchCoverage="100" isConstructor="True" isGetter="False" isSetter="False" isStatic="True">
              <Summary numSequencePoints="4" visitedSequencePoints="4" numBranchPoints="0" visitedBranchPoints="0" sequenceCoverage="100" branchCoverage="100" maxCyclomaticComplexity="1" minCyclomaticComplexity="1" visitedClasses="0" numClasses="0" visitedMethods="1" numMethods="1" />
              <MetadataToken />
              <Name>System.Void BellRichM.Weather.Api.Repositories.ConditionRepositoryDbProviderFactory::.ctor(System.Data.Common.DbProviderFactory)</Name>
              <FileRef uid="8" />
              <SequencePoints>
                <SequencePoint vc="5" uspid="14" ordinal="0" sl="14" sc="1" el="14" ec="2" bec="0" bev="0" fileid="8" />
                <SequencePoint vc="5" uspid="15" ordinal="1" sl="15" sc="1" el="15" ec="2" bec="0" bev="0" fileid="8" />
                <SequencePoint vc="5" uspid="16" ordinal="2" sl="16" sc="1" el="16" ec="2" bec="0" bev="0" fileid="8" />
                <SequencePoint vc="5" uspid="17" ordinal="3" sl="17" sc="1" el="17" ec="2" bec="0" bev="0" fileid="8" />
              </SequencePoints>
              <BranchPoints />
              <MethodPoint vc="4" uspid="0" p8:type="SequencePoint" ordinal="1" offset="1" sc="0" sl="14" ec="1" el="17" bec="0" bev="0" fileid="8" xmlns:p8="xsi" />
            </Method>
          </Methods>
        </Class>
        <Class>
          <Summary numSequencePoints="6" visitedSequencePoints="6" numBranchPoints="0" visitedBranchPoints="0" sequenceCoverage="100" branchCoverage="100" maxCyclomaticComplexity="1" minCyclomaticComplexity="1" visitedClasses="1" numClasses="1" visitedMethods="1" numMethods="1" />
          <FullName>BellRichM.Weather.Api.Repositories.ObservationRepository</FullName>
          <Methods>
            <Method cyclomaticComplexity="1" nPathComplexity="0" sequenceCoverage="100" branchCoverage="100" isConstructor="True" isGetter="False" isSetter="False" isStatic="True">
              <Summary numSequencePoints="6" visitedSequencePoints="6" numBranchPoints="0" visitedBranchPoints="0" sequenceCoverage="100" branchCoverage="100" maxCyclomaticComplexity="1" minCyclomaticComplexity="1" visitedClasses="0" numClasses="0" visitedMethods="1" numMethods="1" />
              <MetadataToken />
              <Name>System.Void BellRichM.Weather.Api.Repositories.ObservationRepository::.ctor(BellRichM.Logging.ILoggerAdapter`1&lt;BellRichM.Weather.Api.Repositories.ObservationRepository&gt;,BellRichM.Weather.Api.Repositories.ObservationRepositoryDbProviderFactory,BellRichM.Weather.Api.Configuration.IObservationRepositoryConfiguration)</Name>
              <FileRef uid="9" />
              <SequencePoints>
                <SequencePoint vc="4" uspid="29" ordinal="0" sl="29" sc="1" el="29" ec="2" bec="0" bev="0" fileid="9" />
                <SequencePoint vc="4" uspid="30" ordinal="1" sl="30" sc="1" el="30" ec="2" bec="0" bev="0" fileid="9" />
                <SequencePoint vc="4" uspid="31" ordinal="2" sl="31" sc="1" el="31" ec="2" bec="0" bev="0" fileid="9" />
                <SequencePoint vc="4" uspid="32" ordinal="3" sl="32" sc="1" el="32" ec="2" bec="0" bev="0" fileid="9" />
                <SequencePoint vc="4" uspid="33" ordinal="4" sl="33" sc="1" el="33" ec="2" bec="0" bev="0" fileid="9" />
                <SequencePoint vc="4" uspid="34" ordinal="5" sl="34" sc="1" el="34" ec="2" bec="0" bev="0" fileid="9" />
              </SequencePoints>
              <BranchPoints />
              <MethodPoint vc="6" uspid="0" p8:type="SequencePoint" ordinal="0" offset="0" sc="0" sl="29" ec="1" el="34" bec="0" bev="0" fileid="9" xmlns:p8="xsi" />
            </Method>
          </Methods>
        </Class>
        <Class>
          <Summary numSequencePoints="87" visitedSequencePoints="87" numBranchPoints="8" visitedBranchPoints="7" sequenceCoverage="100" branchCoverage="87.5" maxCyclomaticComplexity="8" minCyclomaticComplexity="8" visitedClasses="1" numClasses="1" visitedMethods="1" numMethods="1" />
          <FullName>BellRichM.Weather.Api.Repositories.ObservationRepository/&lt;GetObservation&gt;d__4</FullName>
          <Methods>
            <Method cyclomaticComplexity="8" nPathComplexity="0" sequenceCoverage="100" branchCoverage="87.5" isConstructor="False" isGetter="False" isSetter="False" isStatic="True">
              <Summary numSequencePoints="87" visitedSequencePoints="87" numBranchPoints="8" visitedBranchPoints="7" sequenceCoverage="100" branchCoverage="87.5" maxCyclomaticComplexity="8" minCyclomaticComplexity="8" visitedClasses="0" numClasses="0" visitedMethods="1" numMethods="1" />
              <MetadataToken />
              <Name>System.Void BellRichM.Weather.Api.Repositories.ObservationRepository/&lt;GetObservation&gt;d__4::MoveNext()</Name>
              <FileRef uid="9" />
              <SequencePoints>
                <SequencePoint vc="4" uspid="38" ordinal="0" sl="38" sc="1" el="38" ec="2" bec="0" bev="0" fileid="9" />
                <SequencePoint vc="4" uspid="39" ordinal="1" sl="39" sc="1" el="39" ec="2" bec="0" bev="0" fileid="9" />
                <SequencePoint vc="4" uspid="41" ordinal="2" sl="41" sc="1" el="41" ec="2" bec="0" bev="0" fileid="9" />
                <SequencePoint vc="4" uspid="42" ordinal="3" sl="42" sc="1" el="42" ec="2" bec="0" bev="0" fileid="9" />
                <SequencePoint vc="4" uspid="43" ordinal="4" sl="43" sc="1" el="43" ec="2" bec="0" bev="0" fileid="9" />
                <SequencePoint vc="4" uspid="44" ordinal="5" sl="44" sc="1" el="44" ec="2" bec="0" bev="0" fileid="9" />
                <SequencePoint vc="4" uspid="45" ordinal="6" sl="45" sc="1" el="45" ec="2" bec="0" bev="0" fileid="9" />
                <SequencePoint vc="4" uspid="46" ordinal="7" sl="46" sc="1" el="46" ec="2" bec="0" bev="0" fileid="9" />
                <SequencePoint vc="4" uspid="47" ordinal="8" sl="47" sc="1" el="47" ec="2" bec="0" bev="0" fileid="9" />
                <SequencePoint vc="4" uspid="48" ordinal="9" sl="48" sc="1" el="48" ec="2" bec="0" bev="0" fileid="9" />
                <SequencePoint vc="4" uspid="49" ordinal="10" sl="49" sc="1" el="49" ec="2" bec="0" bev="0" fileid="9" />
                <SequencePoint vc="4" uspid="50" ordinal="11" sl="50" sc="1" el="50" ec="2" bec="0" bev="0" fileid="9" />
                <SequencePoint vc="4" uspid="51" ordinal="12" sl="51" sc="1" el="51" ec="2" bec="0" bev="0" fileid="9" />
                <SequencePoint vc="4" uspid="52" ordinal="13" sl="52" sc="1" el="52" ec="2" bec="0" bev="0" fileid="9" />
                <SequencePoint vc="4" uspid="53" ordinal="14" sl="53" sc="1" el="53" ec="2" bec="0" bev="0" fileid="9" />
                <SequencePoint vc="4" uspid="54" ordinal="15" sl="54" sc="1" el="54" ec="2" bec="0" bev="0" fileid="9" />
                <SequencePoint vc="4" uspid="55" ordinal="16" sl="55" sc="1" el="55" ec="2" bec="0" bev="0" fileid="9" />
                <SequencePoint vc="4" uspid="56" ordinal="17" sl="56" sc="1" el="56" ec="2" bec="0" bev="0" fileid="9" />
                <SequencePoint vc="4" uspid="57" ordinal="18" sl="57" sc="1" el="57" ec="2" bec="0" bev="0" fileid="9" />
                <SequencePoint vc="4" uspid="58" ordinal="19" sl="58" sc="1" el="58" ec="2" bec="0" bev="0" fileid="9" />
                <SequencePoint vc="4" uspid="60" ordinal="20" sl="60" sc="1" el="60" ec="2" bec="0" bev="0" fileid="9" />
                <SequencePoint vc="4" uspid="62" ordinal="21" sl="62" sc="1" el="62" ec="2" bec="0" bev="0" fileid="9" />
                <SequencePoint vc="4" uspid="63" ordinal="22" sl="63" sc="1" el="63" ec="2" bec="0" bev="0" fileid="9" />
                <SequencePoint vc="4" uspid="64" ordinal="23" sl="64" sc="1" el="64" ec="2" bec="0" bev="0" fileid="9" />
                <SequencePoint vc="4" uspid="65" ordinal="24" sl="65" sc="1" el="65" ec="2" bec="0" bev="0" fileid="9" />
                <SequencePoint vc="4" uspid="66" ordinal="25" sl="66" sc="1" el="66" ec="2" bec="0" bev="0" fileid="9" />
                <SequencePoint vc="4" uspid="67" ordinal="26" sl="67" sc="1" el="67" ec="2" bec="0" bev="0" fileid="9" />
                <SequencePoint vc="4" uspid="68" ordinal="27" sl="68" sc="1" el="68" ec="2" bec="0" bev="0" fileid="9" />
                <SequencePoint vc="4" uspid="69" ordinal="28" sl="69" sc="1" el="69" ec="2" bec="0" bev="0" fileid="9" />
                <SequencePoint vc="4" uspid="70" ordinal="29" sl="70" sc="1" el="70" ec="2" bec="0" bev="0" fileid="9" />
                <SequencePoint vc="4" uspid="72" ordinal="30" sl="72" sc="1" el="72" ec="2" bec="0" bev="0" fileid="9" />
                <SequencePoint vc="4" uspid="74" ordinal="31" sl="74" sc="1" el="74" ec="2" bec="0" bev="0" fileid="9" />
                <SequencePoint vc="4" uspid="75" ordinal="32" sl="75" sc="1" el="75" ec="2" bec="0" bev="0" fileid="9" />
                <SequencePoint vc="4" uspid="76" ordinal="33" sl="76" sc="1" el="76" ec="2" bec="0" bev="0" fileid="9" />
                <SequencePoint vc="3" uspid="77" ordinal="34" sl="77" sc="1" el="77" ec="2" bec="0" bev="0" fileid="9" />
                <SequencePoint vc="3" uspid="78" ordinal="35" sl="78" sc="1" el="78" ec="2" bec="0" bev="0" fileid="9" />
                <SequencePoint vc="3" uspid="79" ordinal="36" sl="79" sc="1" el="79" ec="2" bec="0" bev="0" fileid="9" />
                <SequencePoint vc="3" uspid="80" ordinal="37" sl="80" sc="1" el="80" ec="2" bec="0" bev="0" fileid="9" />
                <SequencePoint vc="3" uspid="81" ordinal="38" sl="81" sc="1" el="81" ec="2" bec="0" bev="0" fileid="9" />
                <SequencePoint vc="3" uspid="82" ordinal="39" sl="82" sc="1" el="82" ec="2" bec="0" bev="0" fileid="9" />
                <SequencePoint vc="3" uspid="83" ordinal="40" sl="83" sc="1" el="83" ec="2" bec="0" bev="0" fileid="9" />
                <SequencePoint vc="3" uspid="84" ordinal="41" sl="84" sc="1" el="84" ec="2" bec="0" bev="0" fileid="9" />
                <SequencePoint vc="3" uspid="85" ordinal="42" sl="85" sc="1" el="85" ec="2" bec="0" bev="0" fileid="9" />
                <SequencePoint vc="3" uspid="86" ordinal="43" sl="86" sc="1" el="86" ec="2" bec="0" bev="0" fileid="9" />
                <SequencePoint vc="3" uspid="87" ordinal="44" sl="87" sc="1" el="87" ec="2" bec="0" bev="0" fileid="9" />
                <SequencePoint vc="3" uspid="88" ordinal="45" sl="88" sc="1" el="88" ec="2" bec="0" bev="0" fileid="9" />
                <SequencePoint vc="3" uspid="89" ordinal="46" sl="89" sc="1" el="89" ec="2" bec="0" bev="0" fileid="9" />
                <SequencePoint vc="3" uspid="90" ordinal="47" sl="90" sc="1" el="90" ec="2" bec="0" bev="0" fileid="9" />
                <SequencePoint vc="3" uspid="91" ordinal="48" sl="91" sc="1" el="91" ec="2" bec="0" bev="0" fileid="9" />
                <SequencePoint vc="3" uspid="92" ordinal="49" sl="92" sc="1" el="92" ec="2" bec="0" bev="0" fileid="9" />
                <SequencePoint vc="3" uspid="93" ordinal="50" sl="93" sc="1" el="93" ec="2" bec="0" bev="0" fileid="9" />
                <SequencePoint vc="3" uspid="94" ordinal="51" sl="94" sc="1" el="94" ec="2" bec="0" bev="0" fileid="9" />
                <SequencePoint vc="3" uspid="95" ordinal="52" sl="95" sc="1" el="95" ec="2" bec="0" bev="0" fileid="9" />
                <SequencePoint vc="3" uspid="96" ordinal="53" sl="96" sc="1" el="96" ec="2" bec="0" bev="0" fileid="9" />
                <SequencePoint vc="3" uspid="97" ordinal="54" sl="97" sc="1" el="97" ec="2" bec="0" bev="0" fileid="9" />
                <SequencePoint vc="3" uspid="98" ordinal="55" sl="98" sc="1" el="98" ec="2" bec="0" bev="0" fileid="9" />
                <SequencePoint vc="3" uspid="99" ordinal="56" sl="99" sc="1" el="99" ec="2" bec="0" bev="0" fileid="9" />
                <SequencePoint vc="3" uspid="100" ordinal="57" sl="100" sc="1" el="100" ec="2" bec="0" bev="0" fileid="9" />
                <SequencePoint vc="3" uspid="101" ordinal="58" sl="101" sc="1" el="101" ec="2" bec="0" bev="0" fileid="9" />
                <SequencePoint vc="3" uspid="102" ordinal="59" sl="102" sc="1" el="102" ec="2" bec="0" bev="0" fileid="9" />
                <SequencePoint vc="3" uspid="103" ordinal="60" sl="103" sc="1" el="103" ec="2" bec="0" bev="0" fileid="9" />
                <SequencePoint vc="3" uspid="104" ordinal="61" sl="104" sc="1" el="104" ec="2" bec="0" bev="0" fileid="9" />
                <SequencePoint vc="3" uspid="105" ordinal="62" sl="105" sc="1" el="105" ec="2" bec="0" bev="0" fileid="9" />
                <SequencePoint vc="3" uspid="106" ordinal="63" sl="106" sc="1" el="106" ec="2" bec="0" bev="0" fileid="9" />
                <SequencePoint vc="3" uspid="107" ordinal="64" sl="107" sc="1" el="107" ec="2" bec="0" bev="0" fileid="9" />
                <SequencePoint vc="3" uspid="108" ordinal="65" sl="108" sc="1" el="108" ec="2" bec="0" bev="0" fileid="9" />
                <SequencePoint vc="3" uspid="109" ordinal="66" sl="109" sc="1" el="109" ec="2" bec="0" bev="0" fileid="9" />
                <SequencePoint vc="3" uspid="110" ordinal="67" sl="110" sc="1" el="110" ec="2" bec="0" bev="0" fileid="9" />
                <SequencePoint vc="3" uspid="111" ordinal="68" sl="111" sc="1" el="111" ec="2" bec="0" bev="0" fileid="9" />
                <SequencePoint vc="3" uspid="112" ordinal="69" sl="112" sc="1" el="112" ec="2" bec="0" bev="0" fileid="9" />
                <SequencePoint vc="3" uspid="113" ordinal="70" sl="113" sc="1" el="113" ec="2" bec="0" bev="0" fileid="9" />
                <SequencePoint vc="3" uspid="114" ordinal="71" sl="114" sc="1" el="114" ec="2" bec="0" bev="0" fileid="9" />
                <SequencePoint vc="3" uspid="115" ordinal="72" sl="115" sc="1" el="115" ec="2" bec="0" bev="0" fileid="9" />
                <SequencePoint vc="3" uspid="116" ordinal="73" sl="116" sc="1" el="116" ec="2" bec="0" bev="0" fileid="9" />
                <SequencePoint vc="3" uspid="117" ordinal="74" sl="117" sc="1" el="117" ec="2" bec="0" bev="0" fileid="9" />
                <SequencePoint vc="3" uspid="118" ordinal="75" sl="118" sc="1" el="118" ec="2" bec="0" bev="0" fileid="9" />
                <SequencePoint vc="3" uspid="119" ordinal="76" sl="119" sc="1" el="119" ec="2" bec="0" bev="0" fileid="9" />
                <SequencePoint vc="3" uspid="120" ordinal="77" sl="120" sc="1" el="120" ec="2" bec="0" bev="0" fileid="9" />
                <SequencePoint vc="3" uspid="121" ordinal="78" sl="121" sc="1" el="121" ec="2" bec="0" bev="0" fileid="9" />
                <SequencePoint vc="3" uspid="122" ordinal="79" sl="122" sc="1" el="122" ec="2" bec="0" bev="0" fileid="9" />
                <SequencePoint vc="3" uspid="123" ordinal="80" sl="123" sc="1" el="123" ec="2" bec="0" bev="0" fileid="9" />
                <SequencePoint vc="3" uspid="124" ordinal="81" sl="124" sc="1" el="124" ec="2" bec="0" bev="0" fileid="9" />
                <SequencePoint vc="4" uspid="125" ordinal="82" sl="125" sc="1" el="125" ec="2" bec="0" bev="0" fileid="9" />
                <SequencePoint vc="4" uspid="126" ordinal="83" sl="126" sc="1" el="126" ec="2" bec="0" bev="0" fileid="9" />
                <SequencePoint vc="4" uspid="127" ordinal="84" sl="127" sc="1" el="127" ec="2" bec="0" bev="0" fileid="9" />
                <SequencePoint vc="4" uspid="129" ordinal="85" sl="129" sc="1" el="129" ec="2" bec="0" bev="0" fileid="9" />
                <SequencePoint vc="4" uspid="130" ordinal="86" sl="130" sc="1" el="130" ec="2" bec="0" bev="0" fileid="9" />
              </SequencePoints>
              <BranchPoints>
[...]
                <SequencePoint vc="0" uspid="127" ordinal="68" sl="127" sc="1" el="127" ec="2" bec="0" bev="0" fileid="25" />
              </SequencePoints>
              <BranchPoints>
                <BranchPoint vc="0" uspid="43" ordinal="0" path="0" offset="81" offsetend="87" sl="43" fileid="25" />
                <BranchPoint vc="0" uspid="43" ordinal="1" path="1" offset="81" offsetend="204" sl="43" fileid="25" />
                <BranchPoint vc="0" uspid="56" ordinal="2" path="0" offset="206" offsetend="215" sl="56" fileid="25" />
                <BranchPoint vc="0" uspid="56" ordinal="3" path="1" offset="206" offsetend="396" sl="56" fileid="25" />
                <BranchPoint vc="0" uspid="63" ordinal="4" path="0" offset="524" offsetend="526" sl="63" fileid="25" />
                <BranchPoint vc="0" uspid="63" ordinal="5" path="1" offset="524" offsetend="539" sl="63" fileid="25" />
                <BranchPoint vc="0" uspid="97" ordinal="6" path="0" offset="730" offsetend="734" sl="97" fileid="25" />
                <BranchPoint vc="0" uspid="97" ordinal="7" path="1" offset="730" offsetend="747" sl="97" fileid="25" />
                <BranchPoint vc="0" uspid="91" ordinal="10" path="0" offset="1012" offsetend="1014" sl="91" fileid="25" />
                <BranchPoint vc="0" uspid="91" ordinal="11" path="1" offset="1012" offsetend="1027" sl="91" fileid="25" />
                <BranchPoint vc="0" uspid="97" ordinal="9" path="1" offset="737" offsetend="1320" sl="97" fileid="25" />
                <BranchPoint vc="0" uspid="119" ordinal="12" path="0" offset="1524" offsetend="1533" sl="119" fileid="25" />
                <BranchPoint vc="0" uspid="121" ordinal="14" path="0" offset="1614" offsetend="1616" sl="121" fileid="25" />
                <BranchPoint vc="0" uspid="121" ordinal="15" path="1" offset="1614" offsetend="1629" sl="121" fileid="25" />
                <BranchPoint vc="0" uspid="119" ordinal="13" path="1" offset="1524" offsetend="1832" sl="119" fileid="25" />
                <BranchPoint vc="0" uspid="97" ordinal="8" path="0" offset="737" offsetend="1935" sl="97" fileid="25" />
              </BranchPoints>
              <MethodPoint vc="0" uspid="0" p8:type="SequencePoint" ordinal="0" offset="0" sc="0" sl="39" ec="1" el="127" bec="0" bev="0" fileid="25" xmlns:p8="xsi" />
            </Method>
          </Methods>
        </Class>
        <Class>
          <Summary numSequencePoints="98" visitedSequencePoints="29" numBranchPoints="14" visitedBranchPoints="5" sequenceCoverage="29.59" branchCoverage="35.71" maxCyclomaticComplexity="8" minCyclomaticComplexity="2" visitedClasses="1" numClasses="1" visitedMethods="2" numMethods="3" />
          <FullName>BellRichM.Api.Controllers.ApiController</FullName>
          <Methods>
            <Method cyclomaticComplexity="8" nPathComplexity="0" sequenceCoverage="9.25" branchCoverage="12.5" isConstructor="False" isGetter="False" isSetter="False" isStatic="True">
              <Summary numSequencePoints="54" visitedSequencePoints="5" numBranchPoints="8" visitedBranchPoints="1" sequenceCoverage="9.25" branchCoverage="12.5" maxCyclomaticComplexity="8" minCyclomaticComplexity="8" visitedClasses="0" numClasses="0" visitedMethods="1" numMethods="1" />
              <MetadataToken />
              <Name>System.Collections.Generic.IEnumerable`1&lt;BellRichM.Api.Models.LinkModel&gt; BellRichM.Api.Controllers.ApiController::GetNavigationLinks(System.String,BellRichM.Api.Models.PagingModel)</Name>
              <FileRef uid="26" />
              <SequencePoints>
                <SequencePoint vc="1" uspid="22" ordinal="0" sl="22" sc="1" el="22" ec="2" bec="0" bev="0" fileid="26" />
                <SequencePoint vc="1" uspid="23" ordinal="1" sl="23" sc="1" el="23" ec="2" bec="0" bev="0" fileid="26" />
                <SequencePoint vc="1" uspid="25" ordinal="2" sl="25" sc="1" el="25" ec="2" bec="0" bev="0" fileid="26" />
                <SequencePoint vc="0" uspid="26" ordinal="3" sl="26" sc="1" el="26" ec="2" bec="0" bev="0" fileid="26" />
                <SequencePoint vc="0" uspid="27" ordinal="4" sl="27" sc="1" el="27" ec="2" bec="0" bev="0" fileid="26" />
                <SequencePoint vc="0" uspid="28" ordinal="5" sl="28" sc="1" el="28" ec="2" bec="0" bev="0" fileid="26" />
                <SequencePoint vc="0" uspid="29" ordinal="6" sl="29" sc="1" el="29" ec="2" bec="0" bev="0" fileid="26" />
                <SequencePoint vc="0" uspid="30" ordinal="7" sl="30" sc="1" el="30" ec="2" bec="0" bev="0" fileid="26" />
                <SequencePoint vc="0" uspid="31" ordinal="8" sl="31" sc="1" el="31" ec="2" bec="0" bev="0" fileid="26" />
                <SequencePoint vc="0" uspid="32" ordinal="9" sl="32" sc="1" el="32" ec="2" bec="0" bev="0" fileid="26" />
                <SequencePoint vc="0" uspid="33" ordinal="10" sl="33" sc="1" el="33" ec="2" bec="0" bev="0" fileid="26" />
                <SequencePoint vc="0" uspid="34" ordinal="11" sl="34" sc="1" el="34" ec="2" bec="0" bev="0" fileid="26" />
                <SequencePoint vc="0" uspid="36" ordinal="12" sl="36" sc="1" el="36" ec="2" bec="0" bev="0" fileid="26" />
                <SequencePoint vc="0" uspid="37" ordinal="13" sl="37" sc="1" el="37" ec="2" bec="0" bev="0" fileid="26" />
                <SequencePoint vc="0" uspid="38" ordinal="14" sl="38" sc="1" el="38" ec="2" bec="0" bev="0" fileid="26" />
                <SequencePoint vc="0" uspid="39" ordinal="15" sl="39" sc="1" el="39" ec="2" bec="0" bev="0" fileid="26" />
                <SequencePoint vc="0" uspid="40" ordinal="16" sl="40" sc="1" el="40" ec="2" bec="0" bev="0" fileid="26" />
                <SequencePoint vc="0" uspid="41" ordinal="17" sl="41" sc="1" el="41" ec="2" bec="0" bev="0" fileid="26" />
                <SequencePoint vc="0" uspid="42" ordinal="18" sl="42" sc="1" el="42" ec="2" bec="0" bev="0" fileid="26" />
                <SequencePoint vc="0" uspid="43" ordinal="19" sl="43" sc="1" el="43" ec="2" bec="0" bev="0" fileid="26" />
                <SequencePoint vc="0" uspid="44" ordinal="20" sl="44" sc="1" el="44" ec="2" bec="0" bev="0" fileid="26" />
                <SequencePoint vc="0" uspid="45" ordinal="21" sl="45" sc="1" el="45" ec="2" bec="0" bev="0" fileid="26" />
                <SequencePoint vc="0" uspid="46" ordinal="22" sl="46" sc="1" el="46" ec="2" bec="0" bev="0" fileid="26" />
                <SequencePoint vc="0" uspid="47" ordinal="23" sl="47" sc="1" el="47" ec="2" bec="0" bev="0" fileid="26" />
                <SequencePoint vc="0" uspid="49" ordinal="24" sl="49" sc="1" el="49" ec="2" bec="0" bev="0" fileid="26" />
                <SequencePoint vc="0" uspid="50" ordinal="25" sl="50" sc="1" el="50" ec="2" bec="0" bev="0" fileid="26" />
                <SequencePoint vc="0" uspid="51" ordinal="26" sl="51" sc="1" el="51" ec="2" bec="0" bev="0" fileid="26" />
                <SequencePoint vc="0" uspid="52" ordinal="27" sl="52" sc="1" el="52" ec="2" bec="0" bev="0" fileid="26" />
                <SequencePoint vc="0" uspid="53" ordinal="28" sl="53" sc="1" el="53" ec="2" bec="0" bev="0" fileid="26" />
                <SequencePoint vc="0" uspid="54" ordinal="29" sl="54" sc="1" el="54" ec="2" bec="0" bev="0" fileid="26" />
                <SequencePoint vc="0" uspid="55" ordinal="30" sl="55" sc="1" el="55" ec="2" bec="0" bev="0" fileid="26" />
                <SequencePoint vc="0" uspid="56" ordinal="31" sl="56" sc="1" el="56" ec="2" bec="0" bev="0" fileid="26" />
                <SequencePoint vc="0" uspid="57" ordinal="32" sl="57" sc="1" el="57" ec="2" bec="0" bev="0" fileid="26" />
                <SequencePoint vc="0" uspid="58" ordinal="33" sl="58" sc="1" el="58" ec="2" bec="0" bev="0" fileid="26" />
                <SequencePoint vc="0" uspid="59" ordinal="34" sl="59" sc="1" el="59" ec="2" bec="0" bev="0" fileid="26" />
                <SequencePoint vc="0" uspid="60" ordinal="35" sl="60" sc="1" el="60" ec="2" bec="0" bev="0" fileid="26" />
                <SequencePoint vc="0" uspid="63" ordinal="36" sl="63" sc="1" el="63" ec="2" bec="0" bev="0" fileid="26" />
                <SequencePoint vc="0" uspid="64" ordinal="37" sl="64" sc="1" el="64" ec="2" bec="0" bev="0" fileid="26" />
                <SequencePoint vc="0" uspid="65" ordinal="38" sl="65" sc="1" el="65" ec="2" bec="0" bev="0" fileid="26" />
                <SequencePoint vc="0" uspid="66" ordinal="39" sl="66" sc="1" el="66" ec="2" bec="0" bev="0" fileid="26" />
                <SequencePoint vc="0" uspid="68" ordinal="40" sl="68" sc="1" el="68" ec="2" bec="0" bev="0" fileid="26" />
                <SequencePoint vc="0" uspid="69" ordinal="41" sl="69" sc="1" el="69" ec="2" bec="0" bev="0" fileid="26" />
                <SequencePoint vc="0" uspid="70" ordinal="42" sl="70" sc="1" el="70" ec="2" bec="0" bev="0" fileid="26" />
                <SequencePoint vc="0" uspid="72" ordinal="43" sl="72" sc="1" el="72" ec="2" bec="0" bev="0" fileid="26" />
                <SequencePoint vc="0" uspid="73" ordinal="44" sl="73" sc="1" el="73" ec="2" bec="0" bev="0" fileid="26" />
                <SequencePoint vc="0" uspid="74" ordinal="45" sl="74" sc="1" el="74" ec="2" bec="0" bev="0" fileid="26" />
                <SequencePoint vc="0" uspid="75" ordinal="46" sl="75" sc="1" el="75" ec="2" bec="0" bev="0" fileid="26" />
                <SequencePoint vc="0" uspid="76" ordinal="47" sl="76" sc="1" el="76" ec="2" bec="0" bev="0" fileid="26" />
                <SequencePoint vc="0" uspid="77" ordinal="48" sl="77" sc="1" el="77" ec="2" bec="0" bev="0" fileid="26" />
                <SequencePoint vc="0" uspid="78" ordinal="49" sl="78" sc="1" el="78" ec="2" bec="0" bev="0" fileid="26" />
                <SequencePoint vc="0" uspid="79" ordinal="50" sl="79" sc="1" el="79" ec="2" bec="0" bev="0" fileid="26" />
                <SequencePoint vc="0" uspid="80" ordinal="51" sl="80" sc="1" el="80" ec="2" bec="0" bev="0" fileid="26" />
                <SequencePoint vc="1" uspid="82" ordinal="52" sl="82" sc="1" el="82" ec="2" bec="0" bev="0" fileid="26" />
                <SequencePoint vc="1" uspid="83" ordinal="53" sl="83" sc="1" el="83" ec="2" bec="0" bev="0" fileid="26" />
              </SequencePoints>
              <BranchPoints>
                <BranchPoint vc="0" uspid="25" ordinal="0" path="0" offset="23" offsetend="28" sl="25" fileid="26" />
                <BranchPoint vc="0" uspid="37" ordinal="2" path="0" offset="123" offsetend="125" sl="37" fileid="26" />
                <BranchPoint vc="0" uspid="37" ordinal="3" path="1" offset="123" offsetend="196" sl="37" fileid="26" />
                <BranchPoint vc="0" uspid="50" ordinal="4" path="0" offset="223" offsetend="225" sl="50" fileid="26" />
                <BranchPoint vc="0" uspid="50" ordinal="5" path="1" offset="223" offsetend="296" sl="50" fileid="26" />
                <BranchPoint vc="0" uspid="63" ordinal="6" path="0" offset="316" offsetend="318" sl="63" fileid="26" />
                <BranchPoint vc="0" uspid="63" ordinal="7" path="1" offset="316" offsetend="337" sl="63" fileid="26" />
                <BranchPoint vc="1" uspid="25" ordinal="1" path="1" offset="23" offsetend="432" sl="25" fileid="26" />
              </BranchPoints>
              <MethodPoint vc="5" uspid="0" p8:type="SequencePoint" ordinal="0" offset="0" sc="0" sl="22" ec="1" el="83" bec="0" bev="0" fileid="26" xmlns:p8="xsi" />
            </Method>
            <Method cyclomaticComplexity="4" nPathComplexity="0" sequenceCoverage="100" branchCoverage="100" isConstructor="False" isGetter="False" isSetter="False" isStatic="True">
              <Summary numSequencePoints="24" visitedSequencePoints="24" numBranchPoints="4" visitedBranchPoints="4" sequenceCoverage="100" branchCoverage="100" maxCyclomaticComplexity="4" minCyclomaticComplexity="4" visitedClasses="0" numClasses="0" visitedMethods="1" numMethods="1" />
              <MetadataToken />
              <Name>BellRichM.Api.Models.ErrorResponseModel BellRichM.Api.Controllers.ApiController::CreateModel()</Name>
              <FileRef uid="26" />
              <SequencePoints>
                <SequencePoint vc="5" uspid="90" ordinal="0" sl="90" sc="1" el="90" ec="2" bec="0" bev="0" fileid="26" />
                <SequencePoint vc="5" uspid="91" ordinal="1" sl="91" sc="1" el="91" ec="2" bec="0" bev="0" fileid="26" />
                <SequencePoint vc="25" uspid="92" ordinal="2" sl="92" sc="1" el="92" ec="2" bec="0" bev="0" fileid="26" />
                <SequencePoint vc="5" uspid="93" ordinal="3" sl="93" sc="1" el="93" ec="2" bec="0" bev="0" fileid="26" />
                <SequencePoint vc="5" uspid="94" ordinal="4" sl="94" sc="1" el="94" ec="2" bec="0" bev="0" fileid="26" />
                <SequencePoint vc="25" uspid="95" ordinal="5" sl="95" sc="1" el="95" ec="2" bec="0" bev="0" fileid="26" />
                <SequencePoint vc="5" uspid="96" ordinal="6" sl="96" sc="1" el="96" ec="2" bec="0" bev="0" fileid="26" />
                <SequencePoint vc="5" uspid="97" ordinal="7" sl="97" sc="1" el="97" ec="2" bec="0" bev="0" fileid="26" />
                <SequencePoint vc="5" uspid="98" ordinal="8" sl="98" sc="1" el="98" ec="2" bec="0" bev="0" fileid="26" />
                <SequencePoint vc="5" uspid="99" ordinal="9" sl="99" sc="1" el="99" ec="2" bec="0" bev="0" fileid="26" />
                <SequencePoint vc="5" uspid="100" ordinal="10" sl="100" sc="1" el="100" ec="2" bec="0" bev="0" fileid="26" />
                <SequencePoint vc="5" uspid="101" ordinal="11" sl="101" sc="1" el="101" ec="2" bec="0" bev="0" fileid="26" />
                <SequencePoint vc="5" uspid="102" ordinal="12" sl="102" sc="1" el="102" ec="2" bec="0" bev="0" fileid="26" />
                <SequencePoint vc="5" uspid="103" ordinal="13" sl="103" sc="1" el="103" ec="2" bec="0" bev="0" fileid="26" />
                <SequencePoint vc="5" uspid="104" ordinal="14" sl="104" sc="1" el="104" ec="2" bec="0" bev="0" fileid="26" />
                <SequencePoint vc="5" uspid="106" ordinal="15" sl="106" sc="1" el="106" ec="2" bec="0" bev="0" fileid="26" />
                <SequencePoint vc="5" uspid="107" ordinal="16" sl="107" sc="1" el="107" ec="2" bec="0" bev="0" fileid="26" />
                <SequencePoint vc="5" uspid="108" ordinal="17" sl="108" sc="1" el="108" ec="2" bec="0" bev="0" fileid="26" />
                <SequencePoint vc="5" uspid="109" ordinal="18" sl="109" sc="1" el="109" ec="2" bec="0" bev="0" fileid="26" />
                <SequencePoint vc="5" uspid="110" ordinal="19" sl="110" sc="1" el="110" ec="2" bec="0" bev="0" fileid="26" />
                <SequencePoint vc="5" uspid="111" ordinal="20" sl="111" sc="1" el="111" ec="2" bec="0" bev="0" fileid="26" />
                <SequencePoint vc="5" uspid="112" ordinal="21" sl="112" sc="1" el="112" ec="2" bec="0" bev="0" fileid="26" />
                <SequencePoint vc="5" uspid="114" ordinal="22" sl="114" sc="1" el="114" ec="2" bec="0" bev="0" fileid="26" />
                <SequencePoint vc="5" uspid="115" ordinal="23" sl="115" sc="1" el="115" ec="2" bec="0" bev="0" fileid="26" />
              </SequencePoints>
              <BranchPoints>
                <BranchPoint vc="5" uspid="92" ordinal="3" path="1" offset="150" offsetend="22" sl="92" fileid="26" />
                <BranchPoint vc="5" uspid="95" ordinal="1" path="1" offset="125" offsetend="57" sl="95" fileid="26" />
                <BranchPoint vc="5" uspid="95" ordinal="0" path="0" offset="125" offsetend="127" sl="95" fileid="26" />
                <BranchPoint vc="5" uspid="92" ordinal="2" path="0" offset="150" offsetend="155" sl="92" fileid="26" />
              </BranchPoints>
              <MethodPoint vc="24" uspid="0" p8:type="SequencePoint" ordinal="1" offset="1" sc="0" sl="90" ec="1" el="115" bec="0" bev="0" fileid="26" xmlns:p8="xsi" />
            </Method>
            <Method cyclomaticComplexity="2" nPathComplexity="0" sequenceCoverage="0" branchCoverage="0" isConstructor="False" isGetter="False" isSetter="False" isStatic="True">
              <Summary numSequencePoints="20" visitedSequencePoints="0" numBranchPoints="2" visitedBranchPoints="0" sequenceCoverage="0" branchCoverage="0" maxCyclomaticComplexity="2" minCyclomaticComplexity="2" visitedClasses="0" numClasses="0" visitedMethods="0" numMethods="1" />
              <MetadataToken />
              <Name>BellRichM.Api.Models.ErrorResponseModel BellRichM.Api.Controllers.ApiController::CreateModel(BellRichM.Exceptions.BusinessException)</Name>
              <FileRef uid="26" />
              <SequencePoints>
                <SequencePoint vc="0" uspid="123" ordinal="0" sl="123" sc="1" el="123" ec="2" bec="0" bev="0" fileid="26" />
                <SequencePoint vc="0" uspid="124" ordinal="1" sl="124" sc="1" el="124" ec="2" bec="0" bev="0" fileid="26" />
                <SequencePoint vc="0" uspid="125" ordinal="2" sl="125" sc="1" el="125" ec="2" bec="0" bev="0" fileid="26" />
                <SequencePoint vc="0" uspid="126" ordinal="3" sl="126" sc="1" el="126" ec="2" bec="0" bev="0" fileid="26" />
                <SequencePoint vc="0" uspid="127" ordinal="4" sl="127" sc="1" el="127" ec="2" bec="0" bev="0" fileid="26" />
                <SequencePoint vc="0" uspid="128" ordinal="5" sl="128" sc="1" el="128" ec="2" bec="0" bev="0" fileid="26" />
                <SequencePoint vc="0" uspid="129" ordinal="6" sl="129" sc="1" el="129" ec="2" bec="0" bev="0" fileid="26" />
                <SequencePoint vc="0" uspid="130" ordinal="7" sl="130" sc="1" el="130" ec="2" bec="0" bev="0" fileid="26" />
                <SequencePoint vc="0" uspid="131" ordinal="8" sl="131" sc="1" el="131" ec="2" bec="0" bev="0" fileid="26" />
                <SequencePoint vc="0" uspid="132" ordinal="9" sl="132" sc="1" el="132" ec="2" bec="0" bev="0" fileid="26" />
                <SequencePoint vc="0" uspid="133" ordinal="10" sl="133" sc="1" el="133" ec="2" bec="0" bev="0" fileid="26" />
                <SequencePoint vc="0" uspid="135" ordinal="11" sl="135" sc="1" el="135" ec="2" bec="0" bev="0" fileid="26" />
                <SequencePoint vc="0" uspid="136" ordinal="12" sl="136" sc="1" el="136" ec="2" bec="0" bev="0" fileid="26" />
                <SequencePoint vc="0" uspid="137" ordinal="13" sl="137" sc="1" el="137" ec="2" bec="0" bev="0" fileid="26" />
                <SequencePoint vc="0" uspid="138" ordinal="14" sl="138" sc="1" el="138" ec="2" bec="0" bev="0" fileid="26" />
                <SequencePoint vc="0" uspid="139" ordinal="15" sl="139" sc="1" el="139" ec="2" bec="0" bev="0" fileid="26" />
                <SequencePoint vc="0" uspid="140" ordinal="16" sl="140" sc="1" el="140" ec="2" bec="0" bev="0" fileid="26" />
                <SequencePoint vc="0" uspid="141" ordinal="17" sl="141" sc="1" el="141" ec="2" bec="0" bev="0" fileid="26" />
                <SequencePoint vc="0" uspid="143" ordinal="18" sl="143" sc="1" el="143" ec="2" bec="0" bev="0" fileid="26" />
                <SequencePoint vc="0" uspid="144" ordinal="19" sl="144" sc="1" el="144" ec="2" bec="0" bev="0" fileid="26" />
              </SequencePoints>
              <BranchPoints>
                <BranchPoint vc="0" uspid="125" ordinal="1" path="1" offset="75" offsetend="22" sl="125" fileid="26" />
                <BranchPoint vc="0" uspid="125" ordinal="0" path="0" offset="75" offsetend="77" sl="125" fileid="26" />
              </BranchPoints>
              <MethodPoint vc="0" uspid="0" p8:type="SequencePoint" ordinal="2" offset="2" sc="0" sl="123" ec="1" el="144" bec="0" bev="0" fileid="26" xmlns:p8="xsi" />
            </Method>
          </Methods>
        </Class>
      </Classes>
    </Module>
    <Module hash="4070C561-22F5-4086-9FD1-B0319705FD9A">
      <ModulePath>BellRichM.Service.dll</ModulePath>
      <ModuleTime>2020-02-17T03:23:33</ModuleTime>
      <ModuleName>BellRichM.Service</ModuleName>
      <Files />
      <Classes />
    </Module>
  </Modules>
</CoverageSession>