<?xml version="1.0" encoding="utf-8"?>
<CoverageSession>
  <Summary numSequencePoints="17" visitedSequencePoints="17" numBranchPoints="0" visitedBranchPoints="0" sequenceCoverage="100" branchCoverage="100" maxCyclomaticComplexity="2" minCyclomaticComplexity="2" visitedClasses="1" numClasses="1" visitedMethods="2" numMethods="2" />
  <Modules>
    <Module hash="102880B8-B09A-474C-8146-148DBFA52312">
      <ModulePath>BellRichM.Configuration.dll</ModulePath>
      <ModuleTime>2020-02-17T03:23:37</ModuleTime>
      <ModuleName>BellRichM.Configuration</ModuleName>
      <Files>
        <File uid="1" fullPath="/home/richbell/weather/core3.1/api/src/BellRichM.Configuration/ConfigurationManager.cs" />
      </Files>
      <Classes>
        <Class>
          <Summary numSequencePoints="17" visitedSequencePoints="17" numBranchPoints="0" visitedBranchPoints="0" sequenceCoverage="100" branchCoverage="100" maxCyclomaticComplexity="1" minCyclomaticComplexity="1" visitedClasses="1" numClasses="1" visitedMethods="2" numMethods="2" />
          <FullName>BellRichM.Configuration.ConfigurationManager</FullName>
          <Methods>
            <Method cyclomaticComplexity="1" nPathComplexity="0" sequenceCoverage="100" branchCoverage="100" isConstructor="False" isGetter="False" isSetter="False" isStatic="True">
              <Summary numSequencePoints="12" visitedSequencePoints="12" numBranchPoints="0" visitedBranchPoints="0" sequenceCoverage="100" branchCoverage="100" maxCyclomaticComplexity="1" minCyclomaticComplexity="1" visitedClasses="0" numClasses="0" visitedMethods="1" numMethods="1" />
              <MetadataToken />
              <Name>Microsoft.Extensions.Configuration.IConfiguration BellRichM.Configuration.ConfigurationManager::Create()</Name>
              <FileRef uid="1" />
              <SequencePoints>
                <SequencePoint vc="8" uspid="32" ordinal="0" sl="32" sc="1" el="32" ec="2" bec="0" bev="0" fileid="1" />
                <SequencePoint vc="8" uspid="33" ordinal="1" sl="33" sc="1" el="33" ec="2" bec="0" bev="0" fileid="1" />
                <SequencePoint vc="8" uspid="34" ordinal="2" sl="34" sc="1" el="34" ec="2" bec="0" bev="0" fileid="1" />
                <SequencePoint vc="8" uspid="35" ordinal="3" sl="35" sc="1" el="35" ec="2" bec="0" bev="0" fileid="1" />
                <SequencePoint vc="8" uspid="36" ordinal="4" sl="36" sc="1" el="36" ec="2" bec="0" bev="0" fileid="1" />
                <SequencePoint vc="8" uspid="37" ordinal="5" sl="37" sc="1" el="37" ec="2" bec="0" bev="0" fileid="1" />
                <SequencePoint vc="8" uspid="38" ordinal="6" sl="38" sc="1" el="38" ec="2" bec="0" bev="0" fileid="1" />
                <SequencePoint vc="8" uspid="39" ordinal="7" sl="39" sc="1" el="39" ec="2" bec="0" bev="0" fileid="1" />
                <SequencePoint vc="8" uspid="40" ordinal="8" sl="40" sc="1" el="40" ec="2" bec="0" bev="0" fileid="1" />
                <SequencePoint vc="8" uspid="41" ordinal="9" sl="41" sc="1" el="41" ec="2" bec="0" bev="0" fileid="1" />
                <SequencePoint vc="8" uspid="43" ordinal="10" sl="43" sc="1" el="43" ec="2" bec="0" bev="0" fileid="1" />
                <SequencePoint vc="8" uspid="44" ordinal="11" sl="44" sc="1" el="44" ec="2" bec="0" bev="0" fileid="1" />
              </SequencePoints>
              <BranchPoints />
              <MethodPoint vc="12" uspid="0" p8:type="SequencePoint" ordinal="0" offset="0" sc="0" sl="32" ec="1" el="44" bec="0" bev="0" fileid="1" xmlns:p8="xsi" />
            </Method>
            <Method cyclomaticComplexity="1" nPathComplexity="0" sequenceCoverage="100" branchCoverage="100" isConstructor="True" isGetter="False" isSetter="False" isStatic="True">
              <Summary numSequencePoints="5" visitedSequencePoints="5" numBranchPoints="0" visitedBranchPoints="0" sequenceCoverage="100" branchCoverage="100" maxCyclomaticComplexity="1" minCyclomaticComplexity="1" visitedClasses="0" numClasses="0" visitedMethods="1" numMethods="1" />
              <MetadataToken />
              <Name>System.Void BellRichM.Configuration.ConfigurationManager::.ctor(System.String,System.String)</Name>
              <FileRef uid="1" />
              <SequencePoints>
                <SequencePoint vc="8" uspid="21" ordinal="0" sl="21" sc="1" el="21" ec="2" bec="0" bev="0" fileid="1" />
                <SequencePoint vc="8" uspid="22" ordinal="1" sl="22" sc="1" el="22" ec="2" bec="0" bev="0" fileid="1" />
                <SequencePoint vc="8" uspid="23" ordinal="2" sl="23" sc="1" el="23" ec="2" bec="0" bev="0" fileid="1" />
                <SequencePoint vc="8" uspid="24" ordinal="3" sl="24" sc="1" el="24" ec="2" bec="0" bev="0" fileid="1" />
                <SequencePoint vc="8" uspid="25" ordinal="4" sl="25" sc="1" el="25" ec="2" bec="0" bev="0" fileid="1" />
              </SequencePoints>
              <BranchPoints />
              <MethodPoint vc="5" uspid="0" p8:type="SequencePoint" ordinal="1" offset="1" sc="0" sl="21" ec="1" el="25" bec="0" bev="0" fileid="1" xmlns:p8="xsi" />
            </Method>
          </Methods>
        </Class>
      </Classes>
    </Module>
  </Modules>
</CoverageSession>